Lmod has detected the following error: The following module(s) are unknown:
"anaconda3/2021.05-gcc-9.4.0"

Please check the spelling or version number. Also try "module spider ..."
It is also possible your cache file is out-of-date; it may help to try:
  $ module --ignore_cache load "anaconda3/2021.05-gcc-9.4.0"

Also make sure that all modulefiles written in TCL start with the string
#%Module



Lmod has detected the following error: The following module(s) are unknown:
"cuda/11.1.1-gcc-9.4.0"

Please check the spelling or version number. Also try "module spider ..."
It is also possible your cache file is out-of-date; it may help to try:
  $ module --ignore_cache load "cuda/11.1.1-gcc-9.4.0"

Also make sure that all modulefiles written in TCL start with the string
#%Module



Lmod has detected the following error: The following module(s) are unknown:
"cudnn/8.0.5.39-11.1-gcc-9.4.0"

Please check the spelling or version number. Also try "module spider ..."
It is also possible your cache file is out-of-date; it may help to try:
  $ module --ignore_cache load "cudnn/8.0.5.39-11.1-gcc-9.4.0"

Also make sure that all modulefiles written in TCL start with the string
#%Module



Mon Sep 30 13:00:57 2024       
+---------------------------------------------------------------------------------------+
| NVIDIA-SMI 535.183.01             Driver Version: 535.183.01   CUDA Version: 12.2     |
|-----------------------------------------+----------------------+----------------------+
| GPU  Name                 Persistence-M | Bus-Id        Disp.A | Volatile Uncorr. ECC |
| Fan  Temp   Perf          Pwr:Usage/Cap |         Memory-Usage | GPU-Util  Compute M. |
|                                         |                      |               MIG M. |
|=========================================+======================+======================|
|   0  NVIDIA A30                     On  | 00000000:33:00.0 Off |                    0 |
| N/A   28C    P0              26W / 165W |      0MiB / 24576MiB |      0%      Default |
|                                         |                      |             Disabled |
+-----------------------------------------+----------------------+----------------------+
                                                                                         
+---------------------------------------------------------------------------------------+
| Processes:                                                                            |
|  GPU   GI   CI        PID   Type   Process name                            GPU Memory |
|        ID   ID                                                             Usage      |
|=======================================================================================|
|  No running processes found                                                           |
+---------------------------------------------------------------------------------------+
/var/lib/slurm/slurmd/job21301379/slurm_script: line 18: activate: No such file or directory
2024-09-30 13:01:34.366160: I tensorflow/core/util/port.cc:110] oneDNN custom operations are on. You may see slightly different numerical results due to floating-point round-off errors from different computation orders. To turn them off, set the environment variable `TF_ENABLE_ONEDNN_OPTS=0`.
2024-09-30 13:01:34.435183: I tensorflow/core/platform/cpu_feature_guard.cc:182] This TensorFlow binary is optimized to use available CPU instructions in performance-critical operations.
To enable the following instructions: AVX2 AVX512F AVX512_VNNI FMA, in other operations, rebuild TensorFlow with the appropriate compiler flags.
2024-09-30 13:01:48.560860: W tensorflow/compiler/tf2tensorrt/utils/py_utils.cc:38] TF-TRT Warning: Could not find TensorRT
INFO:__main__:
 Fold 0 started ...................................... 

2024-09-30 13:02:13 [INFO]: Using the given device: cuda
2024-09-30 13:02:13 [INFO]: Model files will be saved to /scratch/users/k23031260/PyPOTS/20240930_T130213
2024-09-30 13:02:13 [INFO]: Tensorboard file will be saved to /scratch/users/k23031260/PyPOTS/20240930_T130213/tensorboard
INFO:__main__:
 Training..................................... 

/scratch/users/k23031260/.conda/envs/imputation/lib/python3.8/site-packages/torch/nn/modules/transformer.py:282: UserWarning: enable_nested_tensor is True, but self.use_nested_tensor is False because encoder_layer.self_attn.batch_first was not True(use batch_first for better inference performance)
  warnings.warn(f"enable_nested_tensor is True, but self.use_nested_tensor is False because {why_not_sparsity_fast_path}")
2024-09-30 13:02:24 [INFO]: CSAI initialized with the given hyperparameters, the number of trainable parameters: 4,767,796
2024-09-30 13:02:34 [INFO]: Epoch 001 - training loss: 19.7841, validation loss: 17.4207, 
2024-09-30 13:02:34 [INFO]: Saved the model to /scratch/users/k23031260/PyPOTS/20240930_T130213/CSAI_epoch1_loss17.420660459078274.pypots
2024-09-30 13:02:40 [INFO]: Epoch 002 - training loss: 15.8779, validation loss: 15.0628, 
2024-09-30 13:02:40 [INFO]: Saved the model to /scratch/users/k23031260/PyPOTS/20240930_T130213/CSAI_epoch2_loss15.06283349257249.pypots
2024-09-30 13:02:46 [INFO]: Epoch 003 - training loss: 14.2243, validation loss: 13.9287, 
2024-09-30 13:02:46 [INFO]: Saved the model to /scratch/users/k23031260/PyPOTS/20240930_T130213/CSAI_epoch3_loss13.928676018348106.pypots
2024-09-30 13:02:51 [INFO]: Epoch 004 - training loss: 13.3091, validation loss: 13.2144, 
2024-09-30 13:02:52 [INFO]: Saved the model to /scratch/users/k23031260/PyPOTS/20240930_T130213/CSAI_epoch4_loss13.214360603919395.pypots
2024-09-30 13:02:57 [INFO]: Epoch 005 - training loss: 12.7291, validation loss: 12.6327, 
2024-09-30 13:02:57 [INFO]: Saved the model to /scratch/users/k23031260/PyPOTS/20240930_T130213/CSAI_epoch5_loss12.632667761582594.pypots
2024-09-30 13:03:03 [INFO]: Epoch 006 - training loss: 12.1364, validation loss: 12.1036, 
2024-09-30 13:03:03 [INFO]: Saved the model to /scratch/users/k23031260/PyPOTS/20240930_T130213/CSAI_epoch6_loss12.10359580700214.pypots
2024-09-30 13:03:09 [INFO]: Epoch 007 - training loss: 11.6622, validation loss: 11.6550, 
2024-09-30 13:03:09 [INFO]: Saved the model to /scratch/users/k23031260/PyPOTS/20240930_T130213/CSAI_epoch7_loss11.654967161325308.pypots
2024-09-30 13:03:14 [INFO]: Epoch 008 - training loss: 11.2788, validation loss: 11.3395, 
2024-09-30 13:03:14 [INFO]: Saved the model to /scratch/users/k23031260/PyPOTS/20240930_T130213/CSAI_epoch8_loss11.339509010314941.pypots
2024-09-30 13:03:20 [INFO]: Epoch 009 - training loss: 10.9642, validation loss: 11.0479, 
2024-09-30 13:03:20 [INFO]: Saved the model to /scratch/users/k23031260/PyPOTS/20240930_T130213/CSAI_epoch9_loss11.047900126530575.pypots
2024-09-30 13:03:26 [INFO]: Epoch 010 - training loss: 10.7527, validation loss: 10.8286, 
2024-09-30 13:03:26 [INFO]: Saved the model to /scratch/users/k23031260/PyPOTS/20240930_T130213/CSAI_epoch10_loss10.828621864318848.pypots
2024-09-30 13:03:32 [INFO]: Epoch 011 - training loss: 10.5116, validation loss: 10.6546, 
2024-09-30 13:03:32 [INFO]: Saved the model to /scratch/users/k23031260/PyPOTS/20240930_T130213/CSAI_epoch11_loss10.65457608149602.pypots
2024-09-30 13:03:37 [INFO]: Epoch 012 - training loss: 10.3206, validation loss: 10.4683, 
2024-09-30 13:03:37 [INFO]: Saved the model to /scratch/users/k23031260/PyPOTS/20240930_T130213/CSAI_epoch12_loss10.468295537508451.pypots
2024-09-30 13:03:43 [INFO]: Epoch 013 - training loss: 10.1400, validation loss: 10.3309, 
2024-09-30 13:03:43 [INFO]: Saved the model to /scratch/users/k23031260/PyPOTS/20240930_T130213/CSAI_epoch13_loss10.33094809605525.pypots
2024-09-30 13:03:49 [INFO]: Epoch 014 - training loss: 9.9923, validation loss: 10.1938, 
2024-09-30 13:03:49 [INFO]: Saved the model to /scratch/users/k23031260/PyPOTS/20240930_T130213/CSAI_epoch14_loss10.19379843198336.pypots
2024-09-30 13:03:55 [INFO]: Epoch 015 - training loss: 9.8722, validation loss: 10.1024, 
2024-09-30 13:03:55 [INFO]: Saved the model to /scratch/users/k23031260/PyPOTS/20240930_T130213/CSAI_epoch15_loss10.102429096515362.pypots
2024-09-30 13:04:00 [INFO]: Epoch 016 - training loss: 9.7695, validation loss: 10.0055, 
2024-09-30 13:04:00 [INFO]: Saved the model to /scratch/users/k23031260/PyPOTS/20240930_T130213/CSAI_epoch16_loss10.00553791339581.pypots
2024-09-30 13:04:06 [INFO]: Epoch 017 - training loss: 9.6523, validation loss: 9.9421, 
2024-09-30 13:04:06 [INFO]: Saved the model to /scratch/users/k23031260/PyPOTS/20240930_T130213/CSAI_epoch17_loss9.942093555743877.pypots
2024-09-30 13:04:12 [INFO]: Epoch 018 - training loss: 9.5725, validation loss: 9.8511, 
2024-09-30 13:04:12 [INFO]: Saved the model to /scratch/users/k23031260/PyPOTS/20240930_T130213/CSAI_epoch18_loss9.851130705613356.pypots
2024-09-30 13:04:17 [INFO]: Epoch 019 - training loss: 9.4870, validation loss: 9.8034, 
2024-09-30 13:04:17 [INFO]: Saved the model to /scratch/users/k23031260/PyPOTS/20240930_T130213/CSAI_epoch19_loss9.803419773395245.pypots
2024-09-30 13:04:23 [INFO]: Epoch 020 - training loss: 9.4416, validation loss: 9.7671, 
2024-09-30 13:04:23 [INFO]: Saved the model to /scratch/users/k23031260/PyPOTS/20240930_T130213/CSAI_epoch20_loss9.767130118149977.pypots
2024-09-30 13:04:29 [INFO]: Epoch 021 - training loss: 9.4066, validation loss: 9.7373, 
2024-09-30 13:04:29 [INFO]: Saved the model to /scratch/users/k23031260/PyPOTS/20240930_T130213/CSAI_epoch21_loss9.737323320828951.pypots
2024-09-30 13:04:35 [INFO]: Epoch 022 - training loss: 9.3231, validation loss: 9.6803, 
2024-09-30 13:04:35 [INFO]: Saved the model to /scratch/users/k23031260/PyPOTS/20240930_T130213/CSAI_epoch22_loss9.680254055903507.pypots
2024-09-30 13:04:40 [INFO]: Epoch 023 - training loss: 9.2673, validation loss: 9.6422, 
2024-09-30 13:04:40 [INFO]: Saved the model to /scratch/users/k23031260/PyPOTS/20240930_T130213/CSAI_epoch23_loss9.642245512742262.pypots
2024-09-30 13:04:46 [INFO]: Epoch 024 - training loss: 9.2078, validation loss: 9.6379, 
2024-09-30 13:04:46 [INFO]: Saved the model to /scratch/users/k23031260/PyPOTS/20240930_T130213/CSAI_epoch24_loss9.637927348797138.pypots
2024-09-30 13:04:52 [INFO]: Epoch 025 - training loss: 9.1765, validation loss: 9.5919, 
2024-09-30 13:04:52 [INFO]: Saved the model to /scratch/users/k23031260/PyPOTS/20240930_T130213/CSAI_epoch25_loss9.591949169452374.pypots
2024-09-30 13:04:58 [INFO]: Epoch 026 - training loss: 9.1406, validation loss: 9.6122, 
2024-09-30 13:05:04 [INFO]: Epoch 027 - training loss: 9.0587, validation loss: 9.5196, 
2024-09-30 13:05:04 [INFO]: Saved the model to /scratch/users/k23031260/PyPOTS/20240930_T130213/CSAI_epoch27_loss9.519574898939867.pypots
2024-09-30 13:05:09 [INFO]: Epoch 028 - training loss: 9.0256, validation loss: 9.4666, 
2024-09-30 13:05:10 [INFO]: Saved the model to /scratch/users/k23031260/PyPOTS/20240930_T130213/CSAI_epoch28_loss9.4666318159837.pypots
2024-09-30 13:05:15 [INFO]: Epoch 029 - training loss: 8.9688, validation loss: 9.5281, 
2024-09-30 13:05:21 [INFO]: Epoch 030 - training loss: 8.9142, validation loss: 9.5078, 
2024-09-30 13:05:27 [INFO]: Epoch 031 - training loss: 8.8729, validation loss: 9.4888, 
2024-09-30 13:05:33 [INFO]: Epoch 032 - training loss: 8.8471, validation loss: 9.5269, 
2024-09-30 13:05:39 [INFO]: Epoch 033 - training loss: 8.7919, validation loss: 9.4063, 
2024-09-30 13:05:39 [INFO]: Saved the model to /scratch/users/k23031260/PyPOTS/20240930_T130213/CSAI_epoch33_loss9.406336490924541.pypots
2024-09-30 13:05:45 [INFO]: Epoch 034 - training loss: 8.7587, validation loss: 9.4715, 
2024-09-30 13:05:51 [INFO]: Epoch 035 - training loss: 8.7191, validation loss: 9.4456, 
2024-09-30 13:05:57 [INFO]: Epoch 036 - training loss: 8.6849, validation loss: 9.4124, 
2024-09-30 13:06:02 [INFO]: Epoch 037 - training loss: 8.6545, validation loss: 9.3960, 
2024-09-30 13:06:03 [INFO]: Saved the model to /scratch/users/k23031260/PyPOTS/20240930_T130213/CSAI_epoch37_loss9.395959047170786.pypots
2024-09-30 13:06:09 [INFO]: Epoch 038 - training loss: 8.6079, validation loss: 9.3911, 
2024-09-30 13:06:09 [INFO]: Saved the model to /scratch/users/k23031260/PyPOTS/20240930_T130213/CSAI_epoch38_loss9.391091200021597.pypots
2024-09-30 13:06:15 [INFO]: Epoch 039 - training loss: 8.5792, validation loss: 9.3902, 
2024-09-30 13:06:15 [INFO]: Saved the model to /scratch/users/k23031260/PyPOTS/20240930_T130213/CSAI_epoch39_loss9.390184842623198.pypots
2024-09-30 13:06:21 [INFO]: Epoch 040 - training loss: 8.5016, validation loss: 9.4379, 
2024-09-30 13:06:27 [INFO]: Epoch 041 - training loss: 8.4545, validation loss: 9.3339, 
2024-09-30 13:06:27 [INFO]: Saved the model to /scratch/users/k23031260/PyPOTS/20240930_T130213/CSAI_epoch41_loss9.33385944366455.pypots
2024-09-30 13:06:33 [INFO]: Epoch 042 - training loss: 8.4247, validation loss: 9.3954, 
2024-09-30 13:06:39 [INFO]: Epoch 043 - training loss: 8.4742, validation loss: 9.4166, 
2024-09-30 13:06:45 [INFO]: Epoch 044 - training loss: 8.3775, validation loss: 9.3943, 
2024-09-30 13:06:51 [INFO]: Epoch 045 - training loss: 8.4247, validation loss: 9.5051, 
2024-09-30 13:06:57 [INFO]: Epoch 046 - training loss: 8.3740, validation loss: 9.4850, 
2024-09-30 13:06:57 [INFO]: Exceeded the training patience. Terminating the training procedure...
2024-09-30 13:06:57 [INFO]: Finished training. The best model is from epoch#41.
2024-09-30 13:06:57 [INFO]: Saved the model to /scratch/users/k23031260/PyPOTS/20240930_T130213/CSAI.pypots
INFO:__main__:
 Testing...................................... 

INFO:__main__:
 Fold 0 ended ........................................ 

INFO:__main__:
 Fold 0 Results: 
{
    "PyPots_evaluation": {
        "ROC_AUC": 0.8047299077733859,
        "PR_AUC": 0.40029207427324537,
        "F1": 0.3018867924528302,
        "Precision": 0.4897959183673469,
        "Recall": 0.21818181818181817
    },
    "CSAI_evaluation": {
        "ACC": 0.86125,
        "AUC": 0.8047299077733859,
        "Prec_Macro": 0.6876409685045789,
        "Recall_Macro": 0.5909749670619235,
        "F1_Macro": 0.6124284760321056,
        "Bal_ACC": 0.5909749670619235
    }
} 

INFO:__main__:
 Fold 1 started ...................................... 

2024-09-30 13:07:01 [INFO]: Using the given device: cuda
2024-09-30 13:07:01 [INFO]: Model files will be saved to /scratch/users/k23031260/PyPOTS/20240930_T130701
2024-09-30 13:07:01 [INFO]: Tensorboard file will be saved to /scratch/users/k23031260/PyPOTS/20240930_T130701/tensorboard
INFO:__main__:
 Training..................................... 

/scratch/users/k23031260/.conda/envs/imputation/lib/python3.8/site-packages/torch/nn/modules/transformer.py:282: UserWarning: enable_nested_tensor is True, but self.use_nested_tensor is False because encoder_layer.self_attn.batch_first was not True(use batch_first for better inference performance)
  warnings.warn(f"enable_nested_tensor is True, but self.use_nested_tensor is False because {why_not_sparsity_fast_path}")
2024-09-30 13:07:10 [INFO]: CSAI initialized with the given hyperparameters, the number of trainable parameters: 4,767,796
2024-09-30 13:07:16 [INFO]: Epoch 001 - training loss: 19.8032, validation loss: 17.3142, 
2024-09-30 13:07:16 [INFO]: Saved the model to /scratch/users/k23031260/PyPOTS/20240930_T130701/CSAI_epoch1_loss17.31419900747446.pypots
2024-09-30 13:07:22 [INFO]: Epoch 002 - training loss: 15.8846, validation loss: 14.8958, 
2024-09-30 13:07:22 [INFO]: Saved the model to /scratch/users/k23031260/PyPOTS/20240930_T130701/CSAI_epoch2_loss14.895823772136982.pypots
2024-09-30 13:07:28 [INFO]: Epoch 003 - training loss: 14.2551, validation loss: 13.7722, 
2024-09-30 13:07:28 [INFO]: Saved the model to /scratch/users/k23031260/PyPOTS/20240930_T130701/CSAI_epoch3_loss13.772189507117638.pypots
2024-09-30 13:07:34 [INFO]: Epoch 004 - training loss: 13.3132, validation loss: 13.0526, 
2024-09-30 13:07:34 [INFO]: Saved the model to /scratch/users/k23031260/PyPOTS/20240930_T130701/CSAI_epoch4_loss13.05257958632249.pypots
2024-09-30 13:07:40 [INFO]: Epoch 005 - training loss: 12.6476, validation loss: 12.4817, 
2024-09-30 13:07:41 [INFO]: Saved the model to /scratch/users/k23031260/PyPOTS/20240930_T130701/CSAI_epoch5_loss12.481712341308594.pypots
2024-09-30 13:07:47 [INFO]: Epoch 006 - training loss: 12.1059, validation loss: 11.9515, 
2024-09-30 13:07:47 [INFO]: Saved the model to /scratch/users/k23031260/PyPOTS/20240930_T130701/CSAI_epoch6_loss11.951510942899263.pypots
2024-09-30 13:07:53 [INFO]: Epoch 007 - training loss: 11.6353, validation loss: 11.5494, 
2024-09-30 13:07:53 [INFO]: Saved the model to /scratch/users/k23031260/PyPOTS/20240930_T130701/CSAI_epoch7_loss11.549441997821514.pypots
2024-09-30 13:07:59 [INFO]: Epoch 008 - training loss: 11.2449, validation loss: 11.2392, 
2024-09-30 13:07:59 [INFO]: Saved the model to /scratch/users/k23031260/PyPOTS/20240930_T130701/CSAI_epoch8_loss11.239244534419132.pypots
2024-09-30 13:08:05 [INFO]: Epoch 009 - training loss: 10.9564, validation loss: 11.0230, 
2024-09-30 13:08:05 [INFO]: Saved the model to /scratch/users/k23031260/PyPOTS/20240930_T130701/CSAI_epoch9_loss11.022955821110653.pypots
2024-09-30 13:08:11 [INFO]: Epoch 010 - training loss: 10.7335, validation loss: 10.8447, 
2024-09-30 13:08:11 [INFO]: Saved the model to /scratch/users/k23031260/PyPOTS/20240930_T130701/CSAI_epoch10_loss10.844733311579777.pypots
2024-09-30 13:08:17 [INFO]: Epoch 011 - training loss: 10.5505, validation loss: 10.6419, 
2024-09-30 13:08:17 [INFO]: Saved the model to /scratch/users/k23031260/PyPOTS/20240930_T130701/CSAI_epoch11_loss10.641903437100924.pypots
2024-09-30 13:08:23 [INFO]: Epoch 012 - training loss: 10.3638, validation loss: 10.4945, 
2024-09-30 13:08:23 [INFO]: Saved the model to /scratch/users/k23031260/PyPOTS/20240930_T130701/CSAI_epoch12_loss10.49454483619103.pypots
2024-09-30 13:08:29 [INFO]: Epoch 013 - training loss: 10.1964, validation loss: 10.3296, 
2024-09-30 13:08:29 [INFO]: Saved the model to /scratch/users/k23031260/PyPOTS/20240930_T130701/CSAI_epoch13_loss10.32963019150954.pypots
2024-09-30 13:08:35 [INFO]: Epoch 014 - training loss: 10.0380, validation loss: 10.2142, 
2024-09-30 13:08:35 [INFO]: Saved the model to /scratch/users/k23031260/PyPOTS/20240930_T130701/CSAI_epoch14_loss10.214193490835337.pypots
2024-09-30 13:08:41 [INFO]: Epoch 015 - training loss: 9.9033, validation loss: 10.0747, 
2024-09-30 13:08:41 [INFO]: Saved the model to /scratch/users/k23031260/PyPOTS/20240930_T130701/CSAI_epoch15_loss10.074705343980055.pypots
2024-09-30 13:08:47 [INFO]: Epoch 016 - training loss: 9.7719, validation loss: 10.0090, 
2024-09-30 13:08:47 [INFO]: Saved the model to /scratch/users/k23031260/PyPOTS/20240930_T130701/CSAI_epoch16_loss10.009009214547964.pypots
2024-09-30 13:08:53 [INFO]: Epoch 017 - training loss: 9.6862, validation loss: 9.9488, 
2024-09-30 13:08:53 [INFO]: Saved the model to /scratch/users/k23031260/PyPOTS/20240930_T130701/CSAI_epoch17_loss9.948810504033016.pypots
2024-09-30 13:08:59 [INFO]: Epoch 018 - training loss: 9.6027, validation loss: 9.8490, 
2024-09-30 13:08:59 [INFO]: Saved the model to /scratch/users/k23031260/PyPOTS/20240930_T130701/CSAI_epoch18_loss9.849006506112906.pypots
2024-09-30 13:09:05 [INFO]: Epoch 019 - training loss: 9.5319, validation loss: 9.8330, 
2024-09-30 13:09:05 [INFO]: Saved the model to /scratch/users/k23031260/PyPOTS/20240930_T130701/CSAI_epoch19_loss9.832960789020245.pypots
2024-09-30 13:09:11 [INFO]: Epoch 020 - training loss: 9.4490, validation loss: 9.7496, 
2024-09-30 13:09:11 [INFO]: Saved the model to /scratch/users/k23031260/PyPOTS/20240930_T130701/CSAI_epoch20_loss9.74962542607234.pypots
2024-09-30 13:09:17 [INFO]: Epoch 021 - training loss: 9.3999, validation loss: 9.7583, 
2024-09-30 13:09:23 [INFO]: Epoch 022 - training loss: 9.3352, validation loss: 9.7691, 
2024-09-30 13:09:29 [INFO]: Epoch 023 - training loss: 9.2948, validation loss: 9.6562, 
2024-09-30 13:09:29 [INFO]: Saved the model to /scratch/users/k23031260/PyPOTS/20240930_T130701/CSAI_epoch23_loss9.656242810762846.pypots
2024-09-30 13:09:35 [INFO]: Epoch 024 - training loss: 9.2129, validation loss: 9.6878, 
2024-09-30 13:09:41 [INFO]: Epoch 025 - training loss: 9.1699, validation loss: 9.6089, 
2024-09-30 13:09:41 [INFO]: Saved the model to /scratch/users/k23031260/PyPOTS/20240930_T130701/CSAI_epoch25_loss9.608927800105167.pypots
2024-09-30 13:09:47 [INFO]: Epoch 026 - training loss: 9.1219, validation loss: 9.6028, 
2024-09-30 13:09:47 [INFO]: Saved the model to /scratch/users/k23031260/PyPOTS/20240930_T130701/CSAI_epoch26_loss9.602808072016789.pypots
2024-09-30 13:09:53 [INFO]: Epoch 027 - training loss: 9.0951, validation loss: 9.5495, 
2024-09-30 13:09:53 [INFO]: Saved the model to /scratch/users/k23031260/PyPOTS/20240930_T130701/CSAI_epoch27_loss9.549491882324219.pypots
2024-09-30 13:09:59 [INFO]: Epoch 028 - training loss: 9.0261, validation loss: 9.5628, 
2024-09-30 13:10:05 [INFO]: Epoch 029 - training loss: 8.9710, validation loss: 9.5727, 
2024-09-30 13:10:11 [INFO]: Epoch 030 - training loss: 8.9564, validation loss: 9.5216, 
2024-09-30 13:10:11 [INFO]: Saved the model to /scratch/users/k23031260/PyPOTS/20240930_T130701/CSAI_epoch30_loss9.521608205942007.pypots
2024-09-30 13:10:17 [INFO]: Epoch 031 - training loss: 8.9077, validation loss: 9.5343, 
2024-09-30 13:10:23 [INFO]: Epoch 032 - training loss: 8.8566, validation loss: 9.6099, 
2024-09-30 13:10:29 [INFO]: Epoch 033 - training loss: 8.8509, validation loss: 9.5071, 
2024-09-30 13:10:29 [INFO]: Saved the model to /scratch/users/k23031260/PyPOTS/20240930_T130701/CSAI_epoch33_loss9.507087707519531.pypots
2024-09-30 13:10:35 [INFO]: Epoch 034 - training loss: 8.7955, validation loss: 9.5099, 
2024-09-30 13:10:41 [INFO]: Epoch 035 - training loss: 8.7403, validation loss: 9.5165, 
2024-09-30 13:10:47 [INFO]: Epoch 036 - training loss: 8.7510, validation loss: 9.5512, 
2024-09-30 13:10:53 [INFO]: Epoch 037 - training loss: 8.6869, validation loss: 9.4323, 
2024-09-30 13:10:53 [INFO]: Saved the model to /scratch/users/k23031260/PyPOTS/20240930_T130701/CSAI_epoch37_loss9.432338421161358.pypots
2024-09-30 13:10:59 [INFO]: Epoch 038 - training loss: 8.6459, validation loss: 9.4692, 
2024-09-30 13:11:05 [INFO]: Epoch 039 - training loss: 8.6137, validation loss: 9.5026, 
2024-09-30 13:11:11 [INFO]: Epoch 040 - training loss: 8.6230, validation loss: 9.5068, 
2024-09-30 13:11:17 [INFO]: Epoch 041 - training loss: 8.6073, validation loss: 9.5020, 
2024-09-30 13:11:23 [INFO]: Epoch 042 - training loss: 8.5679, validation loss: 9.4769, 
2024-09-30 13:11:23 [INFO]: Exceeded the training patience. Terminating the training procedure...
2024-09-30 13:11:23 [INFO]: Finished training. The best model is from epoch#37.
2024-09-30 13:11:23 [INFO]: Saved the model to /scratch/users/k23031260/PyPOTS/20240930_T130701/CSAI.pypots
INFO:__main__:
 Testing...................................... 

INFO:__main__:
 Fold 1 ended ........................................ 

INFO:__main__:
 Fold 1 Results: 
{
    "PyPots_evaluation": {
        "ROC_AUC": 0.8139920424403184,
        "PR_AUC": 0.4379837804106118,
        "F1": 0.41379310344827586,
        "Precision": 0.42424242424242425,
        "Recall": 0.40384615384615385
    },
    "CSAI_evaluation": {
        "ACC": 0.85125,
        "AUC": 0.8139920424403184,
        "Prec_Macro": 0.6678986728915403,
        "Recall_Macro": 0.6609748010610079,
        "F1_Macro": 0.6643052847234221,
        "Bal_ACC": 0.6609748010610079
    }
} 

INFO:__main__:
 Average performance across all folds.......................... 

INFO:__main__:
 Classification performance using Pypots evaluation: 
 {'ROC_AUC': 0.8093609751068522, 'PR_AUC': 0.41913792734192856, 'F1': 0.357839947950553, 'Precision': 0.45701917130488556, 'Recall': 0.311013986013986} 

INFO:__main__:
 Classification performance using CSAI evaluation: 
 {'ACC': 0.85625, 'AUC': 0.8093609751068522, 'Prec_Macro': 0.6777698206980596, 'Recall_Macro': 0.6259748840614657, 'F1_Macro': 0.6383668803777638, 'Bal_ACC': 0.6259748840614657} 

