Lmod has detected the following error: The following module(s) are unknown:
"anaconda3/2021.05-gcc-9.4.0"

Please check the spelling or version number. Also try "module spider ..."
It is also possible your cache file is out-of-date; it may help to try:
  $ module --ignore_cache load "anaconda3/2021.05-gcc-9.4.0"

Also make sure that all modulefiles written in TCL start with the string
#%Module



Lmod has detected the following error: The following module(s) are unknown:
"cuda/11.1.1-gcc-9.4.0"

Please check the spelling or version number. Also try "module spider ..."
It is also possible your cache file is out-of-date; it may help to try:
  $ module --ignore_cache load "cuda/11.1.1-gcc-9.4.0"

Also make sure that all modulefiles written in TCL start with the string
#%Module



Lmod has detected the following error: The following module(s) are unknown:
"cudnn/8.0.5.39-11.1-gcc-9.4.0"

Please check the spelling or version number. Also try "module spider ..."
It is also possible your cache file is out-of-date; it may help to try:
  $ module --ignore_cache load "cudnn/8.0.5.39-11.1-gcc-9.4.0"

Also make sure that all modulefiles written in TCL start with the string
#%Module



Tue Sep 17 11:00:00 2024       
+---------------------------------------------------------------------------------------+
| NVIDIA-SMI 535.183.01             Driver Version: 535.183.01   CUDA Version: 12.2     |
|-----------------------------------------+----------------------+----------------------+
| GPU  Name                 Persistence-M | Bus-Id        Disp.A | Volatile Uncorr. ECC |
| Fan  Temp   Perf          Pwr:Usage/Cap |         Memory-Usage | GPU-Util  Compute M. |
|                                         |                      |               MIG M. |
|=========================================+======================+======================|
|   0  NVIDIA A40                     On  | 00000000:19:00.0 Off |                    0 |
|  0%   29C    P8              21W / 300W |      0MiB / 46068MiB |      0%      Default |
|                                         |                      |                  N/A |
+-----------------------------------------+----------------------+----------------------+
                                                                                         
+---------------------------------------------------------------------------------------+
| Processes:                                                                            |
|  GPU   GI   CI        PID   Type   Process name                            GPU Memory |
|        ID   ID                                                             Usage      |
|=======================================================================================|
|  No running processes found                                                           |
+---------------------------------------------------------------------------------------+
/var/lib/slurm/slurmd/job21170139/slurm_script: line 18: activate: No such file or directory
2024-09-17 11:00:03.203873: I tensorflow/core/util/port.cc:110] oneDNN custom operations are on. You may see slightly different numerical results due to floating-point round-off errors from different computation orders. To turn them off, set the environment variable `TF_ENABLE_ONEDNN_OPTS=0`.
2024-09-17 11:00:03.248341: I tensorflow/core/platform/cpu_feature_guard.cc:182] This TensorFlow binary is optimized to use available CPU instructions in performance-critical operations.
To enable the following instructions: AVX2 AVX512F AVX512_VNNI FMA, in other operations, rebuild TensorFlow with the appropriate compiler flags.
2024-09-17 11:00:03.875156: W tensorflow/compiler/tf2tensorrt/utils/py_utils.cc:38] TF-TRT Warning: Could not find TensorRT
INFO:__main__:
 Fold 0 started ...................................... 

2024-09-17 11:00:04 [INFO]: Using the given device: cuda
2024-09-17 11:00:04 [INFO]: Model files will be saved to /scratch/users/k23031260/PyPOTS/20240917_T110004
2024-09-17 11:00:04 [INFO]: Tensorboard file will be saved to /scratch/users/k23031260/PyPOTS/20240917_T110004/tensorboard
INFO:__main__:
 Training..................................... 

2024-09-17 11:00:14 [INFO]: DEARI initialized with the given hyperparameters, the number of trainable parameters: 16,883,584
2024-09-17 11:01:11 [INFO]: Epoch 001 - training loss: 58.4005, validation loss: 0.7085
2024-09-17 11:01:12 [INFO]: Saved the model to /scratch/users/k23031260/PyPOTS/20240917_T110004/DEARI_epoch1_loss0.7084969878196716.pypots
2024-09-17 11:02:08 [INFO]: Epoch 002 - training loss: 49.0185, validation loss: 0.6238
2024-09-17 11:02:09 [INFO]: Saved the model to /scratch/users/k23031260/PyPOTS/20240917_T110004/DEARI_epoch2_loss0.6238240141134995.pypots
2024-09-17 11:03:05 [INFO]: Epoch 003 - training loss: 44.3864, validation loss: 0.5624
2024-09-17 11:03:06 [INFO]: Saved the model to /scratch/users/k23031260/PyPOTS/20240917_T110004/DEARI_epoch3_loss0.562404834307157.pypots
2024-09-17 11:04:03 [INFO]: Epoch 004 - training loss: 41.5332, validation loss: 0.5243
2024-09-17 11:04:03 [INFO]: Saved the model to /scratch/users/k23031260/PyPOTS/20240917_T110004/DEARI_epoch4_loss0.5242815269873693.pypots
2024-09-17 11:05:00 [INFO]: Epoch 005 - training loss: 39.6632, validation loss: 0.4980
2024-09-17 11:05:00 [INFO]: Saved the model to /scratch/users/k23031260/PyPOTS/20240917_T110004/DEARI_epoch5_loss0.498005740917646.pypots
2024-09-17 11:05:57 [INFO]: Epoch 006 - training loss: 38.3553, validation loss: 0.4806
2024-09-17 11:05:57 [INFO]: Saved the model to /scratch/users/k23031260/PyPOTS/20240917_T110004/DEARI_epoch6_loss0.4806404709815979.pypots
2024-09-17 11:06:54 [INFO]: Epoch 007 - training loss: 37.3295, validation loss: 0.4679
2024-09-17 11:06:54 [INFO]: Saved the model to /scratch/users/k23031260/PyPOTS/20240917_T110004/DEARI_epoch7_loss0.4678860879861392.pypots
2024-09-17 11:07:51 [INFO]: Epoch 008 - training loss: 36.4893, validation loss: 0.4544
2024-09-17 11:07:51 [INFO]: Saved the model to /scratch/users/k23031260/PyPOTS/20240917_T110004/DEARI_epoch8_loss0.45443835166784435.pypots
2024-09-17 11:08:48 [INFO]: Epoch 009 - training loss: 35.7434, validation loss: 0.4446
2024-09-17 11:08:48 [INFO]: Saved the model to /scratch/users/k23031260/PyPOTS/20240917_T110004/DEARI_epoch9_loss0.4445588542864873.pypots
2024-09-17 11:09:45 [INFO]: Epoch 010 - training loss: 35.0887, validation loss: 0.4363
2024-09-17 11:09:45 [INFO]: Saved the model to /scratch/users/k23031260/PyPOTS/20240917_T110004/DEARI_epoch10_loss0.43628408358647275.pypots
2024-09-17 11:10:42 [INFO]: Epoch 011 - training loss: 34.5088, validation loss: 0.4269
2024-09-17 11:10:42 [INFO]: Saved the model to /scratch/users/k23031260/PyPOTS/20240917_T110004/DEARI_epoch11_loss0.4269047837990981.pypots
2024-09-17 11:11:39 [INFO]: Epoch 012 - training loss: 34.0704, validation loss: 0.4229
2024-09-17 11:11:39 [INFO]: Saved the model to /scratch/users/k23031260/PyPOTS/20240917_T110004/DEARI_epoch12_loss0.4229211394603436.pypots
2024-09-17 11:12:36 [INFO]: Epoch 013 - training loss: 33.5828, validation loss: 0.4165
2024-09-17 11:12:36 [INFO]: Saved the model to /scratch/users/k23031260/PyPOTS/20240917_T110004/DEARI_epoch13_loss0.41645102776013887.pypots
2024-09-17 11:13:33 [INFO]: Epoch 014 - training loss: 33.2144, validation loss: 0.4118
2024-09-17 11:13:34 [INFO]: Saved the model to /scratch/users/k23031260/PyPOTS/20240917_T110004/DEARI_epoch14_loss0.4117669692406288.pypots
2024-09-17 11:14:31 [INFO]: Epoch 015 - training loss: 32.9161, validation loss: 0.4090
2024-09-17 11:14:31 [INFO]: Saved the model to /scratch/users/k23031260/PyPOTS/20240917_T110004/DEARI_epoch15_loss0.40897078812122345.pypots
2024-09-17 11:15:28 [INFO]: Epoch 016 - training loss: 32.6294, validation loss: 0.4060
2024-09-17 11:15:28 [INFO]: Saved the model to /scratch/users/k23031260/PyPOTS/20240917_T110004/DEARI_epoch16_loss0.4060003115580632.pypots
2024-09-17 11:16:25 [INFO]: Epoch 017 - training loss: 32.3296, validation loss: 0.4029
2024-09-17 11:16:25 [INFO]: Saved the model to /scratch/users/k23031260/PyPOTS/20240917_T110004/DEARI_epoch17_loss0.4028690079083809.pypots
2024-09-17 11:17:22 [INFO]: Epoch 018 - training loss: 32.1105, validation loss: 0.4001
2024-09-17 11:17:23 [INFO]: Saved the model to /scratch/users/k23031260/PyPOTS/20240917_T110004/DEARI_epoch18_loss0.40010943435705626.pypots
2024-09-17 11:18:20 [INFO]: Epoch 019 - training loss: 31.8702, validation loss: 0.3977
2024-09-17 11:18:20 [INFO]: Saved the model to /scratch/users/k23031260/PyPOTS/20240917_T110004/DEARI_epoch19_loss0.3976894674392847.pypots
2024-09-17 11:19:17 [INFO]: Epoch 020 - training loss: 31.6856, validation loss: 0.3960
2024-09-17 11:19:17 [INFO]: Saved the model to /scratch/users/k23031260/PyPOTS/20240917_T110004/DEARI_epoch20_loss0.395966778580959.pypots
2024-09-17 11:20:14 [INFO]: Epoch 021 - training loss: 31.4780, validation loss: 0.3940
2024-09-17 11:20:14 [INFO]: Saved the model to /scratch/users/k23031260/PyPOTS/20240917_T110004/DEARI_epoch21_loss0.3940005497290538.pypots
2024-09-17 11:21:12 [INFO]: Epoch 022 - training loss: 31.3215, validation loss: 0.3911
2024-09-17 11:21:12 [INFO]: Saved the model to /scratch/users/k23031260/PyPOTS/20240917_T110004/DEARI_epoch22_loss0.39105880375091845.pypots
2024-09-17 11:22:10 [INFO]: Epoch 023 - training loss: 31.1220, validation loss: 0.3903
2024-09-17 11:22:10 [INFO]: Saved the model to /scratch/users/k23031260/PyPOTS/20240917_T110004/DEARI_epoch23_loss0.3902625796886591.pypots
2024-09-17 11:23:09 [INFO]: Epoch 024 - training loss: 31.0347, validation loss: 0.3883
2024-09-17 11:23:09 [INFO]: Saved the model to /scratch/users/k23031260/PyPOTS/20240917_T110004/DEARI_epoch24_loss0.3883145566170032.pypots
2024-09-17 11:24:07 [INFO]: Epoch 025 - training loss: 30.8210, validation loss: 0.3871
2024-09-17 11:24:07 [INFO]: Saved the model to /scratch/users/k23031260/PyPOTS/20240917_T110004/DEARI_epoch25_loss0.3870951659404315.pypots
2024-09-17 11:25:05 [INFO]: Epoch 026 - training loss: 30.6381, validation loss: 0.3868
2024-09-17 11:25:05 [INFO]: Saved the model to /scratch/users/k23031260/PyPOTS/20240917_T110004/DEARI_epoch26_loss0.3868093444750859.pypots
2024-09-17 11:26:03 [INFO]: Epoch 027 - training loss: 30.5123, validation loss: 0.3845
2024-09-17 11:26:04 [INFO]: Saved the model to /scratch/users/k23031260/PyPOTS/20240917_T110004/DEARI_epoch27_loss0.38448679791047025.pypots
2024-09-17 11:27:02 [INFO]: Epoch 028 - training loss: 30.3939, validation loss: 0.3827
2024-09-17 11:27:02 [INFO]: Saved the model to /scratch/users/k23031260/PyPOTS/20240917_T110004/DEARI_epoch28_loss0.3826790784413998.pypots
2024-09-17 11:28:00 [INFO]: Epoch 029 - training loss: 30.2306, validation loss: 0.3820
2024-09-17 11:28:00 [INFO]: Saved the model to /scratch/users/k23031260/PyPOTS/20240917_T110004/DEARI_epoch29_loss0.38199569972661823.pypots
2024-09-17 11:28:58 [INFO]: Epoch 030 - training loss: 30.1188, validation loss: 0.3812
2024-09-17 11:28:58 [INFO]: Saved the model to /scratch/users/k23031260/PyPOTS/20240917_T110004/DEARI_epoch30_loss0.38115058266199553.pypots
2024-09-17 11:29:55 [INFO]: Epoch 031 - training loss: 29.9803, validation loss: 0.3797
2024-09-17 11:29:56 [INFO]: Saved the model to /scratch/users/k23031260/PyPOTS/20240917_T110004/DEARI_epoch31_loss0.37967824248167187.pypots
2024-09-17 11:30:53 [INFO]: Epoch 032 - training loss: 29.8743, validation loss: 0.3793
2024-09-17 11:30:53 [INFO]: Saved the model to /scratch/users/k23031260/PyPOTS/20240917_T110004/DEARI_epoch32_loss0.379328911121075.pypots
2024-09-17 11:31:50 [INFO]: Epoch 033 - training loss: 29.7931, validation loss: 0.3777
2024-09-17 11:31:50 [INFO]: Saved the model to /scratch/users/k23031260/PyPOTS/20240917_T110004/DEARI_epoch33_loss0.3777462381582994.pypots
2024-09-17 11:32:47 [INFO]: Epoch 034 - training loss: 29.6755, validation loss: 0.3769
2024-09-17 11:32:47 [INFO]: Saved the model to /scratch/users/k23031260/PyPOTS/20240917_T110004/DEARI_epoch34_loss0.376856457728606.pypots
2024-09-17 11:33:44 [INFO]: Epoch 035 - training loss: 29.5856, validation loss: 0.3775
2024-09-17 11:34:41 [INFO]: Epoch 036 - training loss: 29.5499, validation loss: 0.3759
2024-09-17 11:34:41 [INFO]: Saved the model to /scratch/users/k23031260/PyPOTS/20240917_T110004/DEARI_epoch36_loss0.37586512588537657.pypots
2024-09-17 11:35:38 [INFO]: Epoch 037 - training loss: 29.3282, validation loss: 0.3760
2024-09-17 11:36:35 [INFO]: Epoch 038 - training loss: 29.2668, validation loss: 0.3753
2024-09-17 11:36:35 [INFO]: Saved the model to /scratch/users/k23031260/PyPOTS/20240917_T110004/DEARI_epoch38_loss0.3752801555853624.pypots
2024-09-17 11:37:32 [INFO]: Epoch 039 - training loss: 29.1866, validation loss: 0.3748
2024-09-17 11:37:32 [INFO]: Saved the model to /scratch/users/k23031260/PyPOTS/20240917_T110004/DEARI_epoch39_loss0.3747840030835225.pypots
2024-09-17 11:38:29 [INFO]: Epoch 040 - training loss: 29.1166, validation loss: 0.3736
2024-09-17 11:38:30 [INFO]: Saved the model to /scratch/users/k23031260/PyPOTS/20240917_T110004/DEARI_epoch40_loss0.3736094075899858.pypots
2024-09-17 11:39:27 [INFO]: Epoch 041 - training loss: 29.0307, validation loss: 0.3741
2024-09-17 11:40:24 [INFO]: Epoch 042 - training loss: 28.9493, validation loss: 0.3721
2024-09-17 11:40:24 [INFO]: Saved the model to /scratch/users/k23031260/PyPOTS/20240917_T110004/DEARI_epoch42_loss0.3720549459640796.pypots
2024-09-17 11:41:21 [INFO]: Epoch 043 - training loss: 28.8955, validation loss: 0.3730
2024-09-17 11:42:18 [INFO]: Epoch 044 - training loss: 28.8209, validation loss: 0.3735
2024-09-17 11:43:15 [INFO]: Epoch 045 - training loss: 28.7583, validation loss: 0.3713
2024-09-17 11:43:15 [INFO]: Saved the model to /scratch/users/k23031260/PyPOTS/20240917_T110004/DEARI_epoch45_loss0.3712659111389747.pypots
2024-09-17 11:44:13 [INFO]: Epoch 046 - training loss: 28.7265, validation loss: 0.3721
2024-09-17 11:45:10 [INFO]: Epoch 047 - training loss: 28.6256, validation loss: 0.3718
2024-09-17 11:46:08 [INFO]: Epoch 048 - training loss: 28.5420, validation loss: 0.3715
2024-09-17 11:47:06 [INFO]: Epoch 049 - training loss: 28.4856, validation loss: 0.3713
2024-09-17 11:48:04 [INFO]: Epoch 050 - training loss: 28.3855, validation loss: 0.3718
2024-09-17 11:48:04 [INFO]: Exceeded the training patience. Terminating the training procedure...
2024-09-17 11:48:04 [INFO]: Finished training. The best model is from epoch#45.
2024-09-17 11:48:04 [INFO]: Saved the model to /scratch/users/k23031260/PyPOTS/20240917_T110004/DEARI.pypots
INFO:__main__:
 Testing...................................... 

INFO:__main__:
 Fold 0 ended ........................................ 

INFO:__main__:
 Fold 0 Results: 
{
    "MAE": 0.2686203420162201,
    "MRE": 0.38434043526649475
} 

