Lmod has detected the following error: The following module(s) are unknown:
"anaconda3/2021.05-gcc-9.4.0"

Please check the spelling or version number. Also try "module spider ..."
It is also possible your cache file is out-of-date; it may help to try:
  $ module --ignore_cache load "anaconda3/2021.05-gcc-9.4.0"

Also make sure that all modulefiles written in TCL start with the string
#%Module



Lmod has detected the following error: The following module(s) are unknown:
"cuda/11.1.1-gcc-9.4.0"

Please check the spelling or version number. Also try "module spider ..."
It is also possible your cache file is out-of-date; it may help to try:
  $ module --ignore_cache load "cuda/11.1.1-gcc-9.4.0"

Also make sure that all modulefiles written in TCL start with the string
#%Module



Lmod has detected the following error: The following module(s) are unknown:
"cudnn/8.0.5.39-11.1-gcc-9.4.0"

Please check the spelling or version number. Also try "module spider ..."
It is also possible your cache file is out-of-date; it may help to try:
  $ module --ignore_cache load "cudnn/8.0.5.39-11.1-gcc-9.4.0"

Also make sure that all modulefiles written in TCL start with the string
#%Module



Unable to determine the device handle for GPU0000:B3:00.0: Unknown Error
/var/lib/slurm/slurmd/job21307581/slurm_script: line 18: activate: No such file or directory
2024-10-01 00:19:45.488929: I tensorflow/core/util/port.cc:110] oneDNN custom operations are on. You may see slightly different numerical results due to floating-point round-off errors from different computation orders. To turn them off, set the environment variable `TF_ENABLE_ONEDNN_OPTS=0`.
2024-10-01 00:19:45.554482: I tensorflow/core/platform/cpu_feature_guard.cc:182] This TensorFlow binary is optimized to use available CPU instructions in performance-critical operations.
To enable the following instructions: AVX2 AVX512F AVX512_VNNI FMA, in other operations, rebuild TensorFlow with the appropriate compiler flags.
2024-10-01 00:19:50.550821: W tensorflow/compiler/tf2tensorrt/utils/py_utils.cc:38] TF-TRT Warning: Could not find TensorRT
INFO:__main__:
 Fold 0 started ...................................... 

2024-10-01 00:19:59 [INFO]: Using the given device: cpu
2024-10-01 00:19:59 [INFO]: Model files will be saved to /scratch/users/k23031260/PyPOTS/classification/deari/air/20241001_T001959
2024-10-01 00:19:59 [INFO]: Tensorboard file will be saved to /scratch/users/k23031260/PyPOTS/classification/deari/air/20241001_T001959/tensorboard
INFO:__main__:
 Training..................................... 

2024-10-01 00:20:19 [INFO]: DEARI initialized with the given hyperparameters, the number of trainable parameters: 32,335,450
slurmstepd: error: *** JOB 21307581 ON erc-hpc-comp190 CANCELLED AT 2024-10-01T00:28:21 ***
