Lmod has detected the following error: The following module(s) are unknown:
"anaconda3/2021.05-gcc-9.4.0"

Please check the spelling or version number. Also try "module spider ..."
It is also possible your cache file is out-of-date; it may help to try:
  $ module --ignore_cache load "anaconda3/2021.05-gcc-9.4.0"

Also make sure that all modulefiles written in TCL start with the string
#%Module



Lmod has detected the following error: The following module(s) are unknown:
"cuda/11.1.1-gcc-9.4.0"

Please check the spelling or version number. Also try "module spider ..."
It is also possible your cache file is out-of-date; it may help to try:
  $ module --ignore_cache load "cuda/11.1.1-gcc-9.4.0"

Also make sure that all modulefiles written in TCL start with the string
#%Module



Lmod has detected the following error: The following module(s) are unknown:
"cudnn/8.0.5.39-11.1-gcc-9.4.0"

Please check the spelling or version number. Also try "module spider ..."
It is also possible your cache file is out-of-date; it may help to try:
  $ module --ignore_cache load "cudnn/8.0.5.39-11.1-gcc-9.4.0"

Also make sure that all modulefiles written in TCL start with the string
#%Module



Tue Oct  1 00:08:37 2024       
+---------------------------------------------------------------------------------------+
| NVIDIA-SMI 535.183.01             Driver Version: 535.183.01   CUDA Version: 12.2     |
|-----------------------------------------+----------------------+----------------------+
| GPU  Name                 Persistence-M | Bus-Id        Disp.A | Volatile Uncorr. ECC |
| Fan  Temp   Perf          Pwr:Usage/Cap |         Memory-Usage | GPU-Util  Compute M. |
|                                         |                      |               MIG M. |
|=========================================+======================+======================|
|   0  NVIDIA A100-SXM4-40GB          On  | 00000000:CA:00.0 Off |                    0 |
| N/A   33C    P0              51W / 400W |      0MiB / 40960MiB |      0%      Default |
|                                         |                      |             Disabled |
+-----------------------------------------+----------------------+----------------------+
                                                                                         
+---------------------------------------------------------------------------------------+
| Processes:                                                                            |
|  GPU   GI   CI        PID   Type   Process name                            GPU Memory |
|        ID   ID                                                             Usage      |
|=======================================================================================|
|  No running processes found                                                           |
+---------------------------------------------------------------------------------------+
/var/lib/slurm/slurmd/job21307564/slurm_script: line 18: activate: No such file or directory
2024-10-01 00:09:47.934711: I tensorflow/core/util/port.cc:110] oneDNN custom operations are on. You may see slightly different numerical results due to floating-point round-off errors from different computation orders. To turn them off, set the environment variable `TF_ENABLE_ONEDNN_OPTS=0`.
2024-10-01 00:09:52.064343: I tensorflow/core/platform/cpu_feature_guard.cc:182] This TensorFlow binary is optimized to use available CPU instructions in performance-critical operations.
To enable the following instructions: AVX2 AVX512F AVX512_VNNI FMA, in other operations, rebuild TensorFlow with the appropriate compiler flags.
2024-10-01 00:10:10.212396: W tensorflow/compiler/tf2tensorrt/utils/py_utils.cc:38] TF-TRT Warning: Could not find TensorRT
INFO:__main__:
 Fold 0 started ...................................... 

2024-10-01 00:10:41 [INFO]: Using the given device: cuda
2024-10-01 00:10:41 [INFO]: Model files will be saved to /scratch/users/k23031260/PyPOTS/classification/deari/air/20241001_T001041
2024-10-01 00:10:41 [INFO]: Tensorboard file will be saved to /scratch/users/k23031260/PyPOTS/classification/deari/air/20241001_T001041/tensorboard
INFO:__main__:
 Training..................................... 

2024-10-01 00:11:00 [INFO]: DEARI initialized with the given hyperparameters, the number of trainable parameters: 32,335,450
2024-10-01 00:13:11 [INFO]: Epoch 001 - training loss: -522.4506, validation loss: -1070.9920, 
2024-10-01 00:13:11 [INFO]: Saved the model to /scratch/users/k23031260/PyPOTS/classification/deari/air/20241001_T001041/DEARI_epoch1_loss-1070.9919899680397.pypots
2024-10-01 00:15:20 [INFO]: Epoch 002 - training loss: -1812.0037, validation loss: -2523.5206, 
2024-10-01 00:15:20 [INFO]: Saved the model to /scratch/users/k23031260/PyPOTS/classification/deari/air/20241001_T001041/DEARI_epoch2_loss-2523.520632102273.pypots
2024-10-01 00:17:29 [INFO]: Epoch 003 - training loss: -3615.3941, validation loss: -4754.9801, 
2024-10-01 00:17:29 [INFO]: Saved the model to /scratch/users/k23031260/PyPOTS/classification/deari/air/20241001_T001041/DEARI_epoch3_loss-4754.980109197443.pypots
2024-10-01 00:19:38 [INFO]: Epoch 004 - training loss: -6383.7430, validation loss: -7806.2617, 
2024-10-01 00:19:38 [INFO]: Saved the model to /scratch/users/k23031260/PyPOTS/classification/deari/air/20241001_T001041/DEARI_epoch4_loss-7806.261700994318.pypots
2024-10-01 00:21:47 [INFO]: Epoch 005 - training loss: -9797.4469, validation loss: -11391.9712, 
2024-10-01 00:21:48 [INFO]: Saved the model to /scratch/users/k23031260/PyPOTS/classification/deari/air/20241001_T001041/DEARI_epoch5_loss-11391.971235795454.pypots
2024-10-01 00:23:57 [INFO]: Epoch 006 - training loss: -13890.0790, validation loss: -15518.2771, 
2024-10-01 00:23:57 [INFO]: Saved the model to /scratch/users/k23031260/PyPOTS/classification/deari/air/20241001_T001041/DEARI_epoch6_loss-15518.2771484375.pypots
2024-10-01 00:26:06 [INFO]: Epoch 007 - training loss: -18515.0792, validation loss: -20148.8532, 
2024-10-01 00:26:06 [INFO]: Saved the model to /scratch/users/k23031260/PyPOTS/classification/deari/air/20241001_T001041/DEARI_epoch7_loss-20148.853160511364.pypots
2024-10-01 00:28:15 [INFO]: Epoch 008 - training loss: -23309.8819, validation loss: -25213.5654, 
2024-10-01 00:28:15 [INFO]: Saved the model to /scratch/users/k23031260/PyPOTS/classification/deari/air/20241001_T001041/DEARI_epoch8_loss-25213.565376420454.pypots
2024-10-01 00:30:24 [INFO]: Epoch 009 - training loss: -28814.2954, validation loss: -30699.0662, 
2024-10-01 00:30:24 [INFO]: Saved the model to /scratch/users/k23031260/PyPOTS/classification/deari/air/20241001_T001041/DEARI_epoch9_loss-30699.066157670455.pypots
2024-10-01 00:32:33 [INFO]: Epoch 010 - training loss: -34740.0500, validation loss: -36645.3828, 
2024-10-01 00:32:33 [INFO]: Saved the model to /scratch/users/k23031260/PyPOTS/classification/deari/air/20241001_T001041/DEARI_epoch10_loss-36645.382848011366.pypots
2024-10-01 00:34:42 [INFO]: Epoch 011 - training loss: -41250.9993, validation loss: -42991.9036, 
2024-10-01 00:34:42 [INFO]: Saved the model to /scratch/users/k23031260/PyPOTS/classification/deari/air/20241001_T001041/DEARI_epoch11_loss-42991.903622159094.pypots
2024-10-01 00:36:51 [INFO]: Epoch 012 - training loss: -48177.0931, validation loss: -49775.7219, 
2024-10-01 00:36:51 [INFO]: Saved the model to /scratch/users/k23031260/PyPOTS/classification/deari/air/20241001_T001041/DEARI_epoch12_loss-49775.72194602273.pypots
2024-10-01 00:39:00 [INFO]: Epoch 013 - training loss: -55185.9115, validation loss: -56894.3183, 
2024-10-01 00:39:01 [INFO]: Saved the model to /scratch/users/k23031260/PyPOTS/classification/deari/air/20241001_T001041/DEARI_epoch13_loss-56894.318323863634.pypots
2024-10-01 00:41:10 [INFO]: Epoch 014 - training loss: -62637.4989, validation loss: -64325.7418, 
2024-10-01 00:41:10 [INFO]: Saved the model to /scratch/users/k23031260/PyPOTS/classification/deari/air/20241001_T001041/DEARI_epoch14_loss-64325.741761363635.pypots
2024-10-01 00:43:19 [INFO]: Epoch 015 - training loss: -70491.8587, validation loss: -72201.4347, 
2024-10-01 00:43:19 [INFO]: Saved the model to /scratch/users/k23031260/PyPOTS/classification/deari/air/20241001_T001041/DEARI_epoch15_loss-72201.43465909091.pypots
2024-10-01 00:45:28 [INFO]: Epoch 016 - training loss: -78884.6089, validation loss: -80363.9321, 
2024-10-01 00:45:29 [INFO]: Saved the model to /scratch/users/k23031260/PyPOTS/classification/deari/air/20241001_T001041/DEARI_epoch16_loss-80363.93210227272.pypots
2024-10-01 00:47:38 [INFO]: Epoch 017 - training loss: -87542.6813, validation loss: -88915.2935, 
2024-10-01 00:47:38 [INFO]: Saved the model to /scratch/users/k23031260/PyPOTS/classification/deari/air/20241001_T001041/DEARI_epoch17_loss-88915.2934659091.pypots
2024-10-01 00:49:47 [INFO]: Epoch 018 - training loss: -96770.6368, validation loss: -97759.8307, 
2024-10-01 00:49:47 [INFO]: Saved the model to /scratch/users/k23031260/PyPOTS/classification/deari/air/20241001_T001041/DEARI_epoch18_loss-97759.83068181819.pypots
2024-10-01 00:51:56 [INFO]: Epoch 019 - training loss: -105825.0119, validation loss: -106987.1080, 
2024-10-01 00:51:56 [INFO]: Saved the model to /scratch/users/k23031260/PyPOTS/classification/deari/air/20241001_T001041/DEARI_epoch19_loss-106987.10795454546.pypots
2024-10-01 00:54:05 [INFO]: Epoch 020 - training loss: -115740.0631, validation loss: -116468.5392, 
2024-10-01 00:54:05 [INFO]: Saved the model to /scratch/users/k23031260/PyPOTS/classification/deari/air/20241001_T001041/DEARI_epoch20_loss-116468.53920454545.pypots
2024-10-01 00:56:14 [INFO]: Epoch 021 - training loss: -125607.8518, validation loss: -126282.9916, 
2024-10-01 00:56:14 [INFO]: Saved the model to /scratch/users/k23031260/PyPOTS/classification/deari/air/20241001_T001041/DEARI_epoch21_loss-126282.99161931819.pypots
2024-10-01 00:58:23 [INFO]: Epoch 022 - training loss: -135586.1400, validation loss: -136378.6993, 
2024-10-01 00:58:23 [INFO]: Saved the model to /scratch/users/k23031260/PyPOTS/classification/deari/air/20241001_T001041/DEARI_epoch22_loss-136378.69928977272.pypots
2024-10-01 01:00:32 [INFO]: Epoch 023 - training loss: -146569.3709, validation loss: -146796.1260, 
2024-10-01 01:00:33 [INFO]: Saved the model to /scratch/users/k23031260/PyPOTS/classification/deari/air/20241001_T001041/DEARI_epoch23_loss-146796.1259943182.pypots
2024-10-01 01:02:41 [INFO]: Epoch 024 - training loss: -157420.8320, validation loss: -157517.8135, 
2024-10-01 01:02:42 [INFO]: Saved the model to /scratch/users/k23031260/PyPOTS/classification/deari/air/20241001_T001041/DEARI_epoch24_loss-157517.8134943182.pypots
2024-10-01 01:04:51 [INFO]: Epoch 025 - training loss: -169985.0091, validation loss: -168612.3426, 
2024-10-01 01:04:51 [INFO]: Saved the model to /scratch/users/k23031260/PyPOTS/classification/deari/air/20241001_T001041/DEARI_epoch25_loss-168612.34261363637.pypots
2024-10-01 01:07:00 [INFO]: Epoch 026 - training loss: -180193.3933, validation loss: -179924.0241, 
2024-10-01 01:07:00 [INFO]: Saved the model to /scratch/users/k23031260/PyPOTS/classification/deari/air/20241001_T001041/DEARI_epoch26_loss-179924.02414772726.pypots
2024-10-01 01:09:09 [INFO]: Epoch 027 - training loss: -190712.6405, validation loss: -191414.0554, 
2024-10-01 01:09:09 [INFO]: Saved the model to /scratch/users/k23031260/PyPOTS/classification/deari/air/20241001_T001041/DEARI_epoch27_loss-191414.05539772726.pypots
2024-10-01 01:11:18 [INFO]: Epoch 028 - training loss: -204919.0354, validation loss: -203364.7866, 
2024-10-01 01:11:18 [INFO]: Saved the model to /scratch/users/k23031260/PyPOTS/classification/deari/air/20241001_T001041/DEARI_epoch28_loss-203364.78664772728.pypots
2024-10-01 01:13:27 [INFO]: Epoch 029 - training loss: -216737.1277, validation loss: -215500.7065, 
2024-10-01 01:13:27 [INFO]: Saved the model to /scratch/users/k23031260/PyPOTS/classification/deari/air/20241001_T001041/DEARI_epoch29_loss-215500.70653409092.pypots
2024-10-01 01:15:36 [INFO]: Epoch 030 - training loss: -231783.9815, validation loss: -228028.0670, 
2024-10-01 01:15:36 [INFO]: Saved the model to /scratch/users/k23031260/PyPOTS/classification/deari/air/20241001_T001041/DEARI_epoch30_loss-228028.06704545455.pypots
2024-10-01 01:17:45 [INFO]: Epoch 031 - training loss: -243048.1266, validation loss: -240766.1673, 
2024-10-01 01:17:46 [INFO]: Saved the model to /scratch/users/k23031260/PyPOTS/classification/deari/air/20241001_T001041/DEARI_epoch31_loss-240766.16732954545.pypots
2024-10-01 01:19:55 [INFO]: Epoch 032 - training loss: -254184.2295, validation loss: -253703.9855, 
2024-10-01 01:19:55 [INFO]: Saved the model to /scratch/users/k23031260/PyPOTS/classification/deari/air/20241001_T001041/DEARI_epoch32_loss-253703.98551136363.pypots
2024-10-01 01:22:04 [INFO]: Epoch 033 - training loss: -270668.7684, validation loss: -267001.1267, 
2024-10-01 01:22:04 [INFO]: Saved the model to /scratch/users/k23031260/PyPOTS/classification/deari/air/20241001_T001041/DEARI_epoch33_loss-267001.12670454546.pypots
2024-10-01 01:24:13 [INFO]: Epoch 034 - training loss: -283233.4762, validation loss: -280557.4778, 
2024-10-01 01:24:13 [INFO]: Saved the model to /scratch/users/k23031260/PyPOTS/classification/deari/air/20241001_T001041/DEARI_epoch34_loss-280557.4778409091.pypots
2024-10-01 01:26:22 [INFO]: Epoch 035 - training loss: -298113.2485, validation loss: -294425.8099, 
2024-10-01 01:26:22 [INFO]: Saved the model to /scratch/users/k23031260/PyPOTS/classification/deari/air/20241001_T001041/DEARI_epoch35_loss-294425.8099431818.pypots
2024-10-01 01:28:31 [INFO]: Epoch 036 - training loss: -311333.9987, validation loss: -308429.3048, 
2024-10-01 01:28:31 [INFO]: Saved the model to /scratch/users/k23031260/PyPOTS/classification/deari/air/20241001_T001041/DEARI_epoch36_loss-308429.30482954544.pypots
2024-10-01 01:30:40 [INFO]: Epoch 037 - training loss: -329314.8116, validation loss: -322778.7653, 
2024-10-01 01:30:41 [INFO]: Saved the model to /scratch/users/k23031260/PyPOTS/classification/deari/air/20241001_T001041/DEARI_epoch37_loss-322778.76534090907.pypots
2024-10-01 01:32:50 [INFO]: Epoch 038 - training loss: -340055.0795, validation loss: -337965.6676, 
2024-10-01 01:32:50 [INFO]: Saved the model to /scratch/users/k23031260/PyPOTS/classification/deari/air/20241001_T001041/DEARI_epoch38_loss-337965.66761363635.pypots
2024-10-01 01:34:59 [INFO]: Epoch 039 - training loss: -356725.5074, validation loss: -353610.0915, 
2024-10-01 01:34:59 [INFO]: Saved the model to /scratch/users/k23031260/PyPOTS/classification/deari/air/20241001_T001041/DEARI_epoch39_loss-353610.09147727274.pypots
2024-10-01 01:37:08 [INFO]: Epoch 040 - training loss: -374953.8017, validation loss: -369982.0074, 
2024-10-01 01:37:08 [INFO]: Saved the model to /scratch/users/k23031260/PyPOTS/classification/deari/air/20241001_T001041/DEARI_epoch40_loss-369982.00738636364.pypots
2024-10-01 01:39:17 [INFO]: Epoch 041 - training loss: -390506.1710, validation loss: -387197.7273, 
2024-10-01 01:39:17 [INFO]: Saved the model to /scratch/users/k23031260/PyPOTS/classification/deari/air/20241001_T001041/DEARI_epoch41_loss-387197.7272727273.pypots
2024-10-01 01:41:27 [INFO]: Epoch 042 - training loss: -407691.2782, validation loss: -405043.6841, 
2024-10-01 01:41:27 [INFO]: Saved the model to /scratch/users/k23031260/PyPOTS/classification/deari/air/20241001_T001041/DEARI_epoch42_loss-405043.6840909091.pypots
2024-10-01 01:43:36 [INFO]: Epoch 043 - training loss: -429441.1087, validation loss: -423253.5687, 
2024-10-01 01:43:37 [INFO]: Saved the model to /scratch/users/k23031260/PyPOTS/classification/deari/air/20241001_T001041/DEARI_epoch43_loss-423253.56875.pypots
2024-10-01 01:45:46 [INFO]: Epoch 044 - training loss: -449533.7002, validation loss: -441815.1335, 
2024-10-01 01:45:46 [INFO]: Saved the model to /scratch/users/k23031260/PyPOTS/classification/deari/air/20241001_T001041/DEARI_epoch44_loss-441815.1335227273.pypots
2024-10-01 01:47:55 [INFO]: Epoch 045 - training loss: -469235.3864, validation loss: -460787.0636, 
2024-10-01 01:47:55 [INFO]: Saved the model to /scratch/users/k23031260/PyPOTS/classification/deari/air/20241001_T001041/DEARI_epoch45_loss-460787.06363636366.pypots
2024-10-01 01:50:04 [INFO]: Epoch 046 - training loss: -488275.5699, validation loss: -480339.4097, 
2024-10-01 01:50:04 [INFO]: Saved the model to /scratch/users/k23031260/PyPOTS/classification/deari/air/20241001_T001041/DEARI_epoch46_loss-480339.4096590909.pypots
2024-10-01 01:52:13 [INFO]: Epoch 047 - training loss: -507924.8752, validation loss: -499833.8580, 
2024-10-01 01:52:13 [INFO]: Saved the model to /scratch/users/k23031260/PyPOTS/classification/deari/air/20241001_T001041/DEARI_epoch47_loss-499833.85795454547.pypots
2024-10-01 01:54:23 [INFO]: Epoch 048 - training loss: -524917.6534, validation loss: -520389.3301, 
2024-10-01 01:54:23 [INFO]: Saved the model to /scratch/users/k23031260/PyPOTS/classification/deari/air/20241001_T001041/DEARI_epoch48_loss-520389.3301136364.pypots
2024-10-01 01:56:32 [INFO]: Epoch 049 - training loss: -549911.7080, validation loss: -541288.7784, 
2024-10-01 01:56:32 [INFO]: Saved the model to /scratch/users/k23031260/PyPOTS/classification/deari/air/20241001_T001041/DEARI_epoch49_loss-541288.7784090909.pypots
2024-10-01 01:58:41 [INFO]: Epoch 050 - training loss: -575159.2644, validation loss: -562704.0483, 
2024-10-01 01:58:41 [INFO]: Saved the model to /scratch/users/k23031260/PyPOTS/classification/deari/air/20241001_T001041/DEARI_epoch50_loss-562704.0482954546.pypots
2024-10-01 02:00:50 [INFO]: Epoch 051 - training loss: -593210.0275, validation loss: -584743.6915, 
2024-10-01 02:00:50 [INFO]: Saved the model to /scratch/users/k23031260/PyPOTS/classification/deari/air/20241001_T001041/DEARI_epoch51_loss-584743.6914772728.pypots
2024-10-01 02:02:59 [INFO]: Epoch 052 - training loss: -615420.6049, validation loss: -606912.6341, 
2024-10-01 02:03:00 [INFO]: Saved the model to /scratch/users/k23031260/PyPOTS/classification/deari/air/20241001_T001041/DEARI_epoch52_loss-606912.634090909.pypots
2024-10-01 02:05:09 [INFO]: Epoch 053 - training loss: -641622.2680, validation loss: -628870.7716, 
2024-10-01 02:05:09 [INFO]: Saved the model to /scratch/users/k23031260/PyPOTS/classification/deari/air/20241001_T001041/DEARI_epoch53_loss-628870.7715909091.pypots
2024-10-01 02:07:18 [INFO]: Epoch 054 - training loss: -665542.0070, validation loss: -651260.5614, 
2024-10-01 02:07:18 [INFO]: Saved the model to /scratch/users/k23031260/PyPOTS/classification/deari/air/20241001_T001041/DEARI_epoch54_loss-651260.5613636364.pypots
2024-10-01 02:09:27 [INFO]: Epoch 055 - training loss: -683929.1246, validation loss: -675252.7784, 
2024-10-01 02:09:27 [INFO]: Saved the model to /scratch/users/k23031260/PyPOTS/classification/deari/air/20241001_T001041/DEARI_epoch55_loss-675252.7784090909.pypots
2024-10-01 02:11:36 [INFO]: Epoch 056 - training loss: -712221.7402, validation loss: -698598.8989, 
2024-10-01 02:11:36 [INFO]: Saved the model to /scratch/users/k23031260/PyPOTS/classification/deari/air/20241001_T001041/DEARI_epoch56_loss-698598.8988636363.pypots
2024-10-01 02:13:45 [INFO]: Epoch 057 - training loss: -736831.9805, validation loss: -722929.9068, 
2024-10-01 02:13:45 [INFO]: Saved the model to /scratch/users/k23031260/PyPOTS/classification/deari/air/20241001_T001041/DEARI_epoch57_loss-722929.9068181819.pypots
2024-10-01 02:15:54 [INFO]: Epoch 058 - training loss: -766702.3068, validation loss: -746745.6295, 
2024-10-01 02:15:55 [INFO]: Saved the model to /scratch/users/k23031260/PyPOTS/classification/deari/air/20241001_T001041/DEARI_epoch58_loss-746745.6295454545.pypots
2024-10-01 02:18:04 [INFO]: Epoch 059 - training loss: -784383.8557, validation loss: -772127.5705, 
2024-10-01 02:18:04 [INFO]: Saved the model to /scratch/users/k23031260/PyPOTS/classification/deari/air/20241001_T001041/DEARI_epoch59_loss-772127.5704545454.pypots
2024-10-01 02:20:13 [INFO]: Epoch 060 - training loss: -814799.8924, validation loss: -797720.1080, 
2024-10-01 02:20:13 [INFO]: Saved the model to /scratch/users/k23031260/PyPOTS/classification/deari/air/20241001_T001041/DEARI_epoch60_loss-797720.1079545454.pypots
2024-10-01 02:22:22 [INFO]: Epoch 061 - training loss: -839322.7053, validation loss: -823631.2409, 
2024-10-01 02:22:22 [INFO]: Saved the model to /scratch/users/k23031260/PyPOTS/classification/deari/air/20241001_T001041/DEARI_epoch61_loss-823631.240909091.pypots
2024-10-01 02:24:31 [INFO]: Epoch 062 - training loss: -866825.8958, validation loss: -852565.1898, 
2024-10-01 02:24:31 [INFO]: Saved the model to /scratch/users/k23031260/PyPOTS/classification/deari/air/20241001_T001041/DEARI_epoch62_loss-852565.1897727273.pypots
2024-10-01 02:26:41 [INFO]: Epoch 063 - training loss: -904146.9311, validation loss: -883121.6716, 
2024-10-01 02:26:41 [INFO]: Saved the model to /scratch/users/k23031260/PyPOTS/classification/deari/air/20241001_T001041/DEARI_epoch63_loss-883121.6715909091.pypots
2024-10-01 02:28:50 [INFO]: Epoch 064 - training loss: -941566.6773, validation loss: -914719.0625, 
2024-10-01 02:28:50 [INFO]: Saved the model to /scratch/users/k23031260/PyPOTS/classification/deari/air/20241001_T001041/DEARI_epoch64_loss-914719.0625.pypots
2024-10-01 02:30:59 [INFO]: Epoch 065 - training loss: -961434.5833, validation loss: -945801.4705, 
2024-10-01 02:30:59 [INFO]: Saved the model to /scratch/users/k23031260/PyPOTS/classification/deari/air/20241001_T001041/DEARI_epoch65_loss-945801.4704545455.pypots
2024-10-01 02:33:09 [INFO]: Epoch 066 - training loss: -991601.2992, validation loss: -978815.7080, 
2024-10-01 02:33:09 [INFO]: Saved the model to /scratch/users/k23031260/PyPOTS/classification/deari/air/20241001_T001041/DEARI_epoch66_loss-978815.7079545455.pypots
2024-10-01 02:35:18 [INFO]: Epoch 067 - training loss: -1030362.0920, validation loss: -1012018.4341, 
2024-10-01 02:35:18 [INFO]: Saved the model to /scratch/users/k23031260/PyPOTS/classification/deari/air/20241001_T001041/DEARI_epoch67_loss-1012018.4340909091.pypots
2024-10-01 02:37:27 [INFO]: Epoch 068 - training loss: -1059120.5023, validation loss: -1045404.0545, 
2024-10-01 02:37:27 [INFO]: Saved the model to /scratch/users/k23031260/PyPOTS/classification/deari/air/20241001_T001041/DEARI_epoch68_loss-1045404.0545454546.pypots
2024-10-01 02:39:36 [INFO]: Epoch 069 - training loss: -1098196.4462, validation loss: -1080351.3125, 
2024-10-01 02:39:37 [INFO]: Saved the model to /scratch/users/k23031260/PyPOTS/classification/deari/air/20241001_T001041/DEARI_epoch69_loss-1080351.3125.pypots
2024-10-01 02:41:46 [INFO]: Epoch 070 - training loss: -1139364.5098, validation loss: -1115208.1284, 
2024-10-01 02:41:46 [INFO]: Saved the model to /scratch/users/k23031260/PyPOTS/classification/deari/air/20241001_T001041/DEARI_epoch70_loss-1115208.128409091.pypots
2024-10-01 02:43:55 [INFO]: Epoch 071 - training loss: -1170300.5636, validation loss: -1150330.6682, 
2024-10-01 02:43:56 [INFO]: Saved the model to /scratch/users/k23031260/PyPOTS/classification/deari/air/20241001_T001041/DEARI_epoch71_loss-1150330.6681818182.pypots
2024-10-01 02:46:05 [INFO]: Epoch 072 - training loss: -1206401.3667, validation loss: -1186178.4500, 
2024-10-01 02:46:05 [INFO]: Saved the model to /scratch/users/k23031260/PyPOTS/classification/deari/air/20241001_T001041/DEARI_epoch72_loss-1186178.45.pypots
2024-10-01 02:48:14 [INFO]: Epoch 073 - training loss: -1247644.1155, validation loss: -1222038.0898, 
2024-10-01 02:48:14 [INFO]: Saved the model to /scratch/users/k23031260/PyPOTS/classification/deari/air/20241001_T001041/DEARI_epoch73_loss-1222038.0897727273.pypots
2024-10-01 02:50:23 [INFO]: Epoch 074 - training loss: -1287727.5508, validation loss: -1259020.6420, 
2024-10-01 02:50:24 [INFO]: Saved the model to /scratch/users/k23031260/PyPOTS/classification/deari/air/20241001_T001041/DEARI_epoch74_loss-1259020.6420454546.pypots
2024-10-01 02:52:33 [INFO]: Epoch 075 - training loss: -1320637.9765, validation loss: -1297594.6500, 
2024-10-01 02:52:33 [INFO]: Saved the model to /scratch/users/k23031260/PyPOTS/classification/deari/air/20241001_T001041/DEARI_epoch75_loss-1297594.65.pypots
2024-10-01 02:54:42 [INFO]: Epoch 076 - training loss: -1369885.8216, validation loss: -1340409.7318, 
2024-10-01 02:54:42 [INFO]: Saved the model to /scratch/users/k23031260/PyPOTS/classification/deari/air/20241001_T001041/DEARI_epoch76_loss-1340409.731818182.pypots
2024-10-01 02:56:51 [INFO]: Epoch 077 - training loss: -1408659.5189, validation loss: -1381455.9591, 
2024-10-01 02:56:52 [INFO]: Saved the model to /scratch/users/k23031260/PyPOTS/classification/deari/air/20241001_T001041/DEARI_epoch77_loss-1381455.959090909.pypots
2024-10-01 02:59:01 [INFO]: Epoch 078 - training loss: -1446849.5902, validation loss: -1423945.2591, 
2024-10-01 02:59:01 [INFO]: Saved the model to /scratch/users/k23031260/PyPOTS/classification/deari/air/20241001_T001041/DEARI_epoch78_loss-1423945.259090909.pypots
2024-10-01 03:01:10 [INFO]: Epoch 079 - training loss: -1497895.0788, validation loss: -1466393.6273, 
2024-10-01 03:01:10 [INFO]: Saved the model to /scratch/users/k23031260/PyPOTS/classification/deari/air/20241001_T001041/DEARI_epoch79_loss-1466393.6272727272.pypots
2024-10-01 03:03:19 [INFO]: Epoch 080 - training loss: -1541521.2091, validation loss: -1508922.9318, 
2024-10-01 03:03:20 [INFO]: Saved the model to /scratch/users/k23031260/PyPOTS/classification/deari/air/20241001_T001041/DEARI_epoch80_loss-1508922.9318181819.pypots
2024-10-01 03:05:29 [INFO]: Epoch 081 - training loss: -1581630.4837, validation loss: -1553432.8841, 
2024-10-01 03:05:29 [INFO]: Saved the model to /scratch/users/k23031260/PyPOTS/classification/deari/air/20241001_T001041/DEARI_epoch81_loss-1553432.884090909.pypots
2024-10-01 03:07:38 [INFO]: Epoch 082 - training loss: -1621458.2121, validation loss: -1596941.4568, 
2024-10-01 03:07:38 [INFO]: Saved the model to /scratch/users/k23031260/PyPOTS/classification/deari/air/20241001_T001041/DEARI_epoch82_loss-1596941.4568181818.pypots
2024-10-01 03:09:47 [INFO]: Epoch 083 - training loss: -1670202.1144, validation loss: -1642491.6455, 
2024-10-01 03:09:48 [INFO]: Saved the model to /scratch/users/k23031260/PyPOTS/classification/deari/air/20241001_T001041/DEARI_epoch83_loss-1642491.6454545455.pypots
2024-10-01 03:11:57 [INFO]: Epoch 084 - training loss: -1719816.5735, validation loss: -1688018.2409, 
2024-10-01 03:11:57 [INFO]: Saved the model to /scratch/users/k23031260/PyPOTS/classification/deari/air/20241001_T001041/DEARI_epoch84_loss-1688018.240909091.pypots
2024-10-01 03:14:06 [INFO]: Epoch 085 - training loss: -1767053.0705, validation loss: -1734399.9591, 
2024-10-01 03:14:06 [INFO]: Saved the model to /scratch/users/k23031260/PyPOTS/classification/deari/air/20241001_T001041/DEARI_epoch85_loss-1734399.959090909.pypots
2024-10-01 03:16:15 [INFO]: Epoch 086 - training loss: -1815929.0780, validation loss: -1781054.0159, 
2024-10-01 03:16:16 [INFO]: Saved the model to /scratch/users/k23031260/PyPOTS/classification/deari/air/20241001_T001041/DEARI_epoch86_loss-1781054.0159090909.pypots
2024-10-01 03:18:25 [INFO]: Epoch 087 - training loss: -1863031.8576, validation loss: -1830229.5705, 
2024-10-01 03:18:25 [INFO]: Saved the model to /scratch/users/k23031260/PyPOTS/classification/deari/air/20241001_T001041/DEARI_epoch87_loss-1830229.5704545456.pypots
2024-10-01 03:20:34 [INFO]: Epoch 088 - training loss: -1929318.7227, validation loss: -1884456.4091, 
2024-10-01 03:20:34 [INFO]: Saved the model to /scratch/users/k23031260/PyPOTS/classification/deari/air/20241001_T001041/DEARI_epoch88_loss-1884456.4090909092.pypots
2024-10-01 03:22:44 [INFO]: Epoch 089 - training loss: -1980576.0242, validation loss: -1939378.7773, 
2024-10-01 03:22:44 [INFO]: Saved the model to /scratch/users/k23031260/PyPOTS/classification/deari/air/20241001_T001041/DEARI_epoch89_loss-1939378.7772727273.pypots
2024-10-01 03:24:53 [INFO]: Epoch 090 - training loss: -2053943.8939, validation loss: -1991560.9659, 
2024-10-01 03:24:53 [INFO]: Saved the model to /scratch/users/k23031260/PyPOTS/classification/deari/air/20241001_T001041/DEARI_epoch90_loss-1991560.9659090908.pypots
2024-10-01 03:27:02 [INFO]: Epoch 091 - training loss: -2075660.8409, validation loss: -2046235.2818, 
2024-10-01 03:27:02 [INFO]: Saved the model to /scratch/users/k23031260/PyPOTS/classification/deari/air/20241001_T001041/DEARI_epoch91_loss-2046235.2818181817.pypots
2024-10-01 03:29:12 [INFO]: Epoch 092 - training loss: -2154460.4742, validation loss: -2101603.8545, 
2024-10-01 03:29:12 [INFO]: Saved the model to /scratch/users/k23031260/PyPOTS/classification/deari/air/20241001_T001041/DEARI_epoch92_loss-2101603.8545454545.pypots
2024-10-01 03:31:21 [INFO]: Epoch 093 - training loss: -2216553.4386, validation loss: -2156711.9659, 
2024-10-01 03:31:21 [INFO]: Saved the model to /scratch/users/k23031260/PyPOTS/classification/deari/air/20241001_T001041/DEARI_epoch93_loss-2156711.965909091.pypots
2024-10-01 03:33:30 [INFO]: Epoch 094 - training loss: -2245600.2530, validation loss: -2198522.6909, 
2024-10-01 03:33:30 [INFO]: Saved the model to /scratch/users/k23031260/PyPOTS/classification/deari/air/20241001_T001041/DEARI_epoch94_loss-2198522.690909091.pypots
2024-10-01 03:35:40 [INFO]: Epoch 095 - training loss: -2309678.9614, validation loss: -2256181.9591, 
2024-10-01 03:35:40 [INFO]: Saved the model to /scratch/users/k23031260/PyPOTS/classification/deari/air/20241001_T001041/DEARI_epoch95_loss-2256181.959090909.pypots
2024-10-01 03:37:49 [INFO]: Epoch 096 - training loss: -2362831.1280, validation loss: -2318398.1591, 
2024-10-01 03:37:49 [INFO]: Saved the model to /scratch/users/k23031260/PyPOTS/classification/deari/air/20241001_T001041/DEARI_epoch96_loss-2318398.159090909.pypots
2024-10-01 03:39:58 [INFO]: Epoch 097 - training loss: -2440215.2583, validation loss: -2380958.2250, 
2024-10-01 03:39:58 [INFO]: Saved the model to /scratch/users/k23031260/PyPOTS/classification/deari/air/20241001_T001041/DEARI_epoch97_loss-2380958.225.pypots
2024-10-01 03:42:08 [INFO]: Epoch 098 - training loss: -2496130.5530, validation loss: -2444580.3932, 
2024-10-01 03:42:09 [INFO]: Saved the model to /scratch/users/k23031260/PyPOTS/classification/deari/air/20241001_T001041/DEARI_epoch98_loss-2444580.393181818.pypots
2024-10-01 03:44:18 [INFO]: Epoch 099 - training loss: -2566467.7470, validation loss: -2510021.7500, 
2024-10-01 03:44:18 [INFO]: Saved the model to /scratch/users/k23031260/PyPOTS/classification/deari/air/20241001_T001041/DEARI_epoch99_loss-2510021.75.pypots
2024-10-01 03:46:27 [INFO]: Epoch 100 - training loss: -2628923.1409, validation loss: -2573332.6682, 
2024-10-01 03:46:27 [INFO]: Saved the model to /scratch/users/k23031260/PyPOTS/classification/deari/air/20241001_T001041/DEARI_epoch100_loss-2573332.668181818.pypots
2024-10-01 03:48:36 [INFO]: Epoch 101 - training loss: -2700373.5182, validation loss: -2641281.6682, 
2024-10-01 03:48:36 [INFO]: Saved the model to /scratch/users/k23031260/PyPOTS/classification/deari/air/20241001_T001041/DEARI_epoch101_loss-2641281.668181818.pypots
2024-10-01 03:50:46 [INFO]: Epoch 102 - training loss: -2770658.7841, validation loss: -2707534.1455, 
2024-10-01 03:50:46 [INFO]: Saved the model to /scratch/users/k23031260/PyPOTS/classification/deari/air/20241001_T001041/DEARI_epoch102_loss-2707534.1454545455.pypots
2024-10-01 03:52:55 [INFO]: Epoch 103 - training loss: -2855069.3220, validation loss: -2777066.1000, 
2024-10-01 03:52:55 [INFO]: Saved the model to /scratch/users/k23031260/PyPOTS/classification/deari/air/20241001_T001041/DEARI_epoch103_loss-2777066.1.pypots
2024-10-01 03:55:04 [INFO]: Epoch 104 - training loss: -2900860.4970, validation loss: -2846476.1864, 
2024-10-01 03:55:04 [INFO]: Saved the model to /scratch/users/k23031260/PyPOTS/classification/deari/air/20241001_T001041/DEARI_epoch104_loss-2846476.1863636365.pypots
2024-10-01 03:57:14 [INFO]: Epoch 105 - training loss: -2975619.6924, validation loss: -2917528.9636, 
2024-10-01 03:57:14 [INFO]: Saved the model to /scratch/users/k23031260/PyPOTS/classification/deari/air/20241001_T001041/DEARI_epoch105_loss-2917528.963636364.pypots
2024-10-01 03:59:23 [INFO]: Epoch 106 - training loss: -3060842.7182, validation loss: -2989246.1773, 
2024-10-01 03:59:23 [INFO]: Saved the model to /scratch/users/k23031260/PyPOTS/classification/deari/air/20241001_T001041/DEARI_epoch106_loss-2989246.1772727272.pypots
2024-10-01 04:01:32 [INFO]: Epoch 107 - training loss: -3107300.9758, validation loss: -3053076.6591, 
2024-10-01 04:01:32 [INFO]: Saved the model to /scratch/users/k23031260/PyPOTS/classification/deari/air/20241001_T001041/DEARI_epoch107_loss-3053076.659090909.pypots
2024-10-01 04:03:41 [INFO]: Epoch 108 - training loss: -3192197.4545, validation loss: -3124327.2864, 
2024-10-01 04:03:42 [INFO]: Saved the model to /scratch/users/k23031260/PyPOTS/classification/deari/air/20241001_T001041/DEARI_epoch108_loss-3124327.286363636.pypots
2024-10-01 04:05:51 [INFO]: Epoch 109 - training loss: -3294296.2576, validation loss: -3201376.5909, 
2024-10-01 04:05:51 [INFO]: Saved the model to /scratch/users/k23031260/PyPOTS/classification/deari/air/20241001_T001041/DEARI_epoch109_loss-3201376.590909091.pypots
2024-10-01 04:08:00 [INFO]: Epoch 110 - training loss: -3359368.9061, validation loss: -3276836.3591, 
2024-10-01 04:08:00 [INFO]: Saved the model to /scratch/users/k23031260/PyPOTS/classification/deari/air/20241001_T001041/DEARI_epoch110_loss-3276836.359090909.pypots
2024-10-01 04:10:09 [INFO]: Epoch 111 - training loss: -3436006.0758, validation loss: -3354533.8227, 
2024-10-01 04:10:09 [INFO]: Saved the model to /scratch/users/k23031260/PyPOTS/classification/deari/air/20241001_T001041/DEARI_epoch111_loss-3354533.8227272728.pypots
2024-10-01 04:12:19 [INFO]: Epoch 112 - training loss: -3515771.4833, validation loss: -3434394.3682, 
2024-10-01 04:12:19 [INFO]: Saved the model to /scratch/users/k23031260/PyPOTS/classification/deari/air/20241001_T001041/DEARI_epoch112_loss-3434394.368181818.pypots
2024-10-01 04:14:28 [INFO]: Epoch 113 - training loss: -3604034.8424, validation loss: -3515355.2591, 
2024-10-01 04:14:28 [INFO]: Saved the model to /scratch/users/k23031260/PyPOTS/classification/deari/air/20241001_T001041/DEARI_epoch113_loss-3515355.2590909093.pypots
2024-10-01 04:16:37 [INFO]: Epoch 114 - training loss: -3678926.7909, validation loss: -3597463.0136, 
2024-10-01 04:16:37 [INFO]: Saved the model to /scratch/users/k23031260/PyPOTS/classification/deari/air/20241001_T001041/DEARI_epoch114_loss-3597463.0136363637.pypots
2024-10-01 04:18:46 [INFO]: Epoch 115 - training loss: -3772682.5561, validation loss: -3680704.8909, 
2024-10-01 04:18:47 [INFO]: Saved the model to /scratch/users/k23031260/PyPOTS/classification/deari/air/20241001_T001041/DEARI_epoch115_loss-3680704.890909091.pypots
2024-10-01 04:20:56 [INFO]: Epoch 116 - training loss: -3852334.4848, validation loss: -3765221.5045, 
2024-10-01 04:20:56 [INFO]: Saved the model to /scratch/users/k23031260/PyPOTS/classification/deari/air/20241001_T001041/DEARI_epoch116_loss-3765221.5045454544.pypots
2024-10-01 04:23:05 [INFO]: Epoch 117 - training loss: -3944759.6364, validation loss: -3850646.7909, 
2024-10-01 04:23:05 [INFO]: Saved the model to /scratch/users/k23031260/PyPOTS/classification/deari/air/20241001_T001041/DEARI_epoch117_loss-3850646.790909091.pypots
2024-10-01 04:25:14 [INFO]: Epoch 118 - training loss: -4036717.6939, validation loss: -3937281.4955, 
2024-10-01 04:25:14 [INFO]: Saved the model to /scratch/users/k23031260/PyPOTS/classification/deari/air/20241001_T001041/DEARI_epoch118_loss-3937281.4954545456.pypots
2024-10-01 04:27:24 [INFO]: Epoch 119 - training loss: -4119240.5909, validation loss: -4025548.5500, 
2024-10-01 04:27:24 [INFO]: Saved the model to /scratch/users/k23031260/PyPOTS/classification/deari/air/20241001_T001041/DEARI_epoch119_loss-4025548.55.pypots
2024-10-01 04:29:33 [INFO]: Epoch 120 - training loss: -4197848.8424, validation loss: -4114984.4864, 
2024-10-01 04:29:33 [INFO]: Saved the model to /scratch/users/k23031260/PyPOTS/classification/deari/air/20241001_T001041/DEARI_epoch120_loss-4114984.4863636363.pypots
2024-10-01 04:31:42 [INFO]: Epoch 121 - training loss: -4297327.5939, validation loss: -4204851.0182, 
2024-10-01 04:31:42 [INFO]: Saved the model to /scratch/users/k23031260/PyPOTS/classification/deari/air/20241001_T001041/DEARI_epoch121_loss-4204851.018181819.pypots
2024-10-01 04:33:52 [INFO]: Epoch 122 - training loss: -4408430.6833, validation loss: -4294252.8045, 
2024-10-01 04:33:52 [INFO]: Saved the model to /scratch/users/k23031260/PyPOTS/classification/deari/air/20241001_T001041/DEARI_epoch122_loss-4294252.804545455.pypots
2024-10-01 04:36:01 [INFO]: Epoch 123 - training loss: -4504432.6545, validation loss: -4385761.0136, 
2024-10-01 04:36:01 [INFO]: Saved the model to /scratch/users/k23031260/PyPOTS/classification/deari/air/20241001_T001041/DEARI_epoch123_loss-4385761.013636364.pypots
2024-10-01 04:38:10 [INFO]: Epoch 124 - training loss: -4616530.3409, validation loss: -4479277.9591, 
2024-10-01 04:38:10 [INFO]: Saved the model to /scratch/users/k23031260/PyPOTS/classification/deari/air/20241001_T001041/DEARI_epoch124_loss-4479277.959090909.pypots
2024-10-01 04:40:19 [INFO]: Epoch 125 - training loss: -4690361.1924, validation loss: -4576189.7864, 
2024-10-01 04:40:20 [INFO]: Saved the model to /scratch/users/k23031260/PyPOTS/classification/deari/air/20241001_T001041/DEARI_epoch125_loss-4576189.786363636.pypots
2024-10-01 04:42:30 [INFO]: Epoch 126 - training loss: -4780195.8106, validation loss: -4671399.7409, 
2024-10-01 04:42:30 [INFO]: Saved the model to /scratch/users/k23031260/PyPOTS/classification/deari/air/20241001_T001041/DEARI_epoch126_loss-4671399.740909091.pypots
2024-10-01 04:44:39 [INFO]: Epoch 127 - training loss: -4892504.3682, validation loss: -4768352.4409, 
2024-10-01 04:44:39 [INFO]: Saved the model to /scratch/users/k23031260/PyPOTS/classification/deari/air/20241001_T001041/DEARI_epoch127_loss-4768352.44090909.pypots
2024-10-01 04:46:48 [INFO]: Epoch 128 - training loss: -5002347.4727, validation loss: -4865896.1500, 
2024-10-01 04:46:48 [INFO]: Saved the model to /scratch/users/k23031260/PyPOTS/classification/deari/air/20241001_T001041/DEARI_epoch128_loss-4865896.15.pypots
2024-10-01 04:48:57 [INFO]: Epoch 129 - training loss: -5074531.8106, validation loss: -4959932.0727, 
2024-10-01 04:48:57 [INFO]: Saved the model to /scratch/users/k23031260/PyPOTS/classification/deari/air/20241001_T001041/DEARI_epoch129_loss-4959932.072727272.pypots
2024-10-01 04:51:07 [INFO]: Epoch 130 - training loss: -5200127.3439, validation loss: -5065730.9500, 
2024-10-01 04:51:07 [INFO]: Saved the model to /scratch/users/k23031260/PyPOTS/classification/deari/air/20241001_T001041/DEARI_epoch130_loss-5065730.95.pypots
2024-10-01 04:53:16 [INFO]: Epoch 131 - training loss: -5286124.9636, validation loss: -5171298.6000, 
2024-10-01 04:53:16 [INFO]: Saved the model to /scratch/users/k23031260/PyPOTS/classification/deari/air/20241001_T001041/DEARI_epoch131_loss-5171298.6.pypots
2024-10-01 04:55:25 [INFO]: Epoch 132 - training loss: -5411482.7379, validation loss: -5278668.8000, 
2024-10-01 04:55:25 [INFO]: Saved the model to /scratch/users/k23031260/PyPOTS/classification/deari/air/20241001_T001041/DEARI_epoch132_loss-5278668.8.pypots
2024-10-01 04:57:34 [INFO]: Epoch 133 - training loss: -5531726.9424, validation loss: -5384173.8727, 
2024-10-01 04:57:35 [INFO]: Saved the model to /scratch/users/k23031260/PyPOTS/classification/deari/air/20241001_T001041/DEARI_epoch133_loss-5384173.872727273.pypots
2024-10-01 04:59:44 [INFO]: Epoch 134 - training loss: -5628290.2697, validation loss: -5494510.6182, 
2024-10-01 04:59:44 [INFO]: Saved the model to /scratch/users/k23031260/PyPOTS/classification/deari/air/20241001_T001041/DEARI_epoch134_loss-5494510.618181818.pypots
2024-10-01 05:01:53 [INFO]: Epoch 135 - training loss: -5724860.1470, validation loss: -5604592.9182, 
2024-10-01 05:01:53 [INFO]: Saved the model to /scratch/users/k23031260/PyPOTS/classification/deari/air/20241001_T001041/DEARI_epoch135_loss-5604592.918181818.pypots
2024-10-01 05:04:02 [INFO]: Epoch 136 - training loss: -5859728.1697, validation loss: -5718424.1273, 
2024-10-01 05:04:03 [INFO]: Saved the model to /scratch/users/k23031260/PyPOTS/classification/deari/air/20241001_T001041/DEARI_epoch136_loss-5718424.127272727.pypots
2024-10-01 05:06:12 [INFO]: Epoch 137 - training loss: -5984976.0970, validation loss: -5831344.6818, 
2024-10-01 05:06:12 [INFO]: Saved the model to /scratch/users/k23031260/PyPOTS/classification/deari/air/20241001_T001041/DEARI_epoch137_loss-5831344.681818182.pypots
2024-10-01 05:08:21 [INFO]: Epoch 138 - training loss: -6077028.1606, validation loss: -5947282.0091, 
2024-10-01 05:08:21 [INFO]: Saved the model to /scratch/users/k23031260/PyPOTS/classification/deari/air/20241001_T001041/DEARI_epoch138_loss-5947282.009090909.pypots
2024-10-01 05:10:30 [INFO]: Epoch 139 - training loss: -6215042.9636, validation loss: -6063854.9818, 
2024-10-01 05:10:30 [INFO]: Saved the model to /scratch/users/k23031260/PyPOTS/classification/deari/air/20241001_T001041/DEARI_epoch139_loss-6063854.981818181.pypots
2024-10-01 05:12:40 [INFO]: Epoch 140 - training loss: -6341603.0667, validation loss: -6180684.8545, 
2024-10-01 05:12:40 [INFO]: Saved the model to /scratch/users/k23031260/PyPOTS/classification/deari/air/20241001_T001041/DEARI_epoch140_loss-6180684.8545454545.pypots
2024-10-01 05:14:49 [INFO]: Epoch 141 - training loss: -6415360.1394, validation loss: -6188886.9273, 
2024-10-01 05:14:49 [INFO]: Saved the model to /scratch/users/k23031260/PyPOTS/classification/deari/air/20241001_T001041/DEARI_epoch141_loss-6188886.927272728.pypots
2024-10-01 05:16:58 [INFO]: Epoch 142 - training loss: -6587992.3606, validation loss: -6430549.0364, 
2024-10-01 05:16:58 [INFO]: Saved the model to /scratch/users/k23031260/PyPOTS/classification/deari/air/20241001_T001041/DEARI_epoch142_loss-6430549.036363636.pypots
2024-10-01 05:19:08 [INFO]: Epoch 143 - training loss: -6697607.6758, validation loss: -6501486.5455, 
2024-10-01 05:19:08 [INFO]: Saved the model to /scratch/users/k23031260/PyPOTS/classification/deari/air/20241001_T001041/DEARI_epoch143_loss-6501486.545454546.pypots
2024-10-01 05:21:17 [INFO]: Epoch 144 - training loss: -6796253.6061, validation loss: -6632122.0000, 
2024-10-01 05:21:17 [INFO]: Saved the model to /scratch/users/k23031260/PyPOTS/classification/deari/air/20241001_T001041/DEARI_epoch144_loss-6632122.0.pypots
2024-10-01 05:23:26 [INFO]: Epoch 145 - training loss: -6990731.1091, validation loss: -6813374.1182, 
2024-10-01 05:23:26 [INFO]: Saved the model to /scratch/users/k23031260/PyPOTS/classification/deari/air/20241001_T001041/DEARI_epoch145_loss-6813374.118181818.pypots
2024-10-01 05:25:36 [INFO]: Epoch 146 - training loss: -7125434.7424, validation loss: -6944022.6000, 
2024-10-01 05:25:36 [INFO]: Saved the model to /scratch/users/k23031260/PyPOTS/classification/deari/air/20241001_T001041/DEARI_epoch146_loss-6944022.6.pypots
2024-10-01 05:27:45 [INFO]: Epoch 147 - training loss: -7302276.5909, validation loss: -7076702.6727, 
2024-10-01 05:27:45 [INFO]: Saved the model to /scratch/users/k23031260/PyPOTS/classification/deari/air/20241001_T001041/DEARI_epoch147_loss-7076702.672727273.pypots
2024-10-01 05:29:54 [INFO]: Epoch 148 - training loss: -7385856.1061, validation loss: -7210710.5909, 
2024-10-01 05:29:54 [INFO]: Saved the model to /scratch/users/k23031260/PyPOTS/classification/deari/air/20241001_T001041/DEARI_epoch148_loss-7210710.590909091.pypots
2024-10-01 05:32:04 [INFO]: Epoch 149 - training loss: -7569291.9485, validation loss: -7344277.9091, 
2024-10-01 05:32:04 [INFO]: Saved the model to /scratch/users/k23031260/PyPOTS/classification/deari/air/20241001_T001041/DEARI_epoch149_loss-7344277.909090909.pypots
2024-10-01 05:34:13 [INFO]: Epoch 150 - training loss: -7647611.3818, validation loss: -7479557.8909, 
2024-10-01 05:34:13 [INFO]: Saved the model to /scratch/users/k23031260/PyPOTS/classification/deari/air/20241001_T001041/DEARI_epoch150_loss-7479557.890909091.pypots
2024-10-01 05:36:22 [INFO]: Epoch 151 - training loss: -7812309.8091, validation loss: -7614305.0455, 
2024-10-01 05:36:23 [INFO]: Saved the model to /scratch/users/k23031260/PyPOTS/classification/deari/air/20241001_T001041/DEARI_epoch151_loss-7614305.045454546.pypots
2024-10-01 05:38:32 [INFO]: Epoch 152 - training loss: -7957177.0091, validation loss: -7751575.4364, 
2024-10-01 05:38:32 [INFO]: Saved the model to /scratch/users/k23031260/PyPOTS/classification/deari/air/20241001_T001041/DEARI_epoch152_loss-7751575.4363636365.pypots
2024-10-01 05:40:41 [INFO]: Epoch 153 - training loss: -8092243.3909, validation loss: -7890067.3455, 
2024-10-01 05:40:41 [INFO]: Saved the model to /scratch/users/k23031260/PyPOTS/classification/deari/air/20241001_T001041/DEARI_epoch153_loss-7890067.345454546.pypots
2024-10-01 05:42:51 [INFO]: Epoch 154 - training loss: -8258520.4909, validation loss: -8030373.2091, 
2024-10-01 05:42:51 [INFO]: Saved the model to /scratch/users/k23031260/PyPOTS/classification/deari/air/20241001_T001041/DEARI_epoch154_loss-8030373.209090909.pypots
2024-10-01 05:45:01 [INFO]: Epoch 155 - training loss: -8392455.7364, validation loss: -8169553.5091, 
2024-10-01 05:45:01 [INFO]: Saved the model to /scratch/users/k23031260/PyPOTS/classification/deari/air/20241001_T001041/DEARI_epoch155_loss-8169553.509090909.pypots
2024-10-01 05:47:10 [INFO]: Epoch 156 - training loss: -8517604.1182, validation loss: -8312177.2273, 
2024-10-01 05:47:10 [INFO]: Saved the model to /scratch/users/k23031260/PyPOTS/classification/deari/air/20241001_T001041/DEARI_epoch156_loss-8312177.2272727275.pypots
2024-10-01 05:49:19 [INFO]: Epoch 157 - training loss: -8700370.5121, validation loss: -8452736.8182, 
2024-10-01 05:49:19 [INFO]: Saved the model to /scratch/users/k23031260/PyPOTS/classification/deari/air/20241001_T001041/DEARI_epoch157_loss-8452736.818181818.pypots
